<?xml version="1.0" encoding="UTF-8"?>
<!-- Generated by org.testng.reporters.JUnitXMLReporter -->
<testsuite ignored="0" hostname="DESKTOP-9TSO38K" failures="1" tests="1" name="Run on CHROME" time="15.721" errors="0" timestamp="28 Oct 2022 12:46:43 GMT">
  <testcase classname="com.gigsberg.sellers.Testcase_Sellers_New_Listing" name="Voucher_TC001_Buy_With_Empty_Data" time="12.95">
    <failure type="org.openqa.selenium.TimeoutException" message="Expected condition failed: waiting for visibility of element located by By.xpath: //ul[@class=&amp;apos;type_ticket_opt clearfix&amp;apos;]/li/label[text()=&amp;apos;%s&amp;apos;] (tried for 5 second(s) with 500 milliseconds interval)">
      <![CDATA[org.openqa.selenium.TimeoutException: Expected condition failed: waiting for visibility of element located by By.xpath: //ul[@class='type_ticket_opt clearfix']/li/label[text()='%s'] (tried for 5 second(s) with 500 milliseconds interval)
at org.openqa.selenium.support.ui.WebDriverWait.timeoutException(WebDriverWait.java:113)
at org.openqa.selenium.support.ui.FluentWait.until(FluentWait.java:283)
at commons.BasePage.waitForElementVisible(BasePage.java:403)
at pageObjects.GigsbergSellers.SellersDashboardPageObject.selectTicketType(SellersDashboardPageObject.java:47)
at com.gigsberg.sellers.Testcase_Sellers_New_Listing.Voucher_TC001_Buy_With_Empty_Data(Testcase_Sellers_New_Listing.java:52)
Caused by: org.openqa.selenium.NoSuchElementException: Cannot locate an element using By.xpath: //ul[@class='type_ticket_opt clearfix']/li/label[text()='%s']
For documentation on this error, please visit: http://seleniumhq.org/exceptions/no_such_element.html
Build info: version: '3.14.0', revision: 'aacccce0', time: '2018-08-02T20:19:58.91Z'
System info: host: 'DESKTOP-9TSO38K', ip: '192.168.0.9', os.name: 'Windows 10', os.arch: 'amd64', os.version: '10.0', java.version: '17.0.2'
Driver info: driver.version: unknown
at org.openqa.selenium.support.ui.ExpectedConditions.lambda$findElement$0(ExpectedConditions.java:896)
at java.base/java.util.Optional.orElseThrow(Optional.java:403)
at org.openqa.selenium.support.ui.ExpectedConditions.findElement(ExpectedConditions.java:895)
at org.openqa.selenium.support.ui.ExpectedConditions.access$000(ExpectedConditions.java:44)
at org.openqa.selenium.support.ui.ExpectedConditions$7.apply(ExpectedConditions.java:206)
at org.openqa.selenium.support.ui.ExpectedConditions$7.apply(ExpectedConditions.java:202)
at org.openqa.selenium.support.ui.FluentWait.until(FluentWait.java:260)
... 28 more
... Removed 25 stack frames]]>
    </failure>
  </testcase> <!-- Voucher_TC001_Buy_With_Empty_Data -->
</testsuite> <!-- Run on CHROME -->
