<?xml version="1.0" encoding="UTF-8"?>
<!-- Generated by org.testng.reporters.JUnitXMLReporter -->
<testsuite ignored="0" hostname="DESKTOP-9TSO38K" failures="7" tests="8" name="Run on CHROME" time="252.676" errors="0" timestamp="17 Oct 2022 08:15:28 GMT">
  <testcase classname="com.gigsberg.regression.TC_Concerts_Regression" name="TC_01_Concerts_Rock" time="8.288"/>
  <testcase classname="com.gigsberg.regression.TC_Concerts_Regression" name="TC_02_Concerts_Pop" time="30.036">
    <failure type="org.openqa.selenium.TimeoutException" message="Expected condition failed: waiting for visibility of element located by By.xpath: //a[@class=&amp;apos;header_dropdown_menu_item header_category&amp;apos; and text()=&amp;apos;Concerts&amp;apos;] (tried for 30 second(s) with 500 milliseconds interval)">
      <![CDATA[org.openqa.selenium.TimeoutException: Expected condition failed: waiting for visibility of element located by By.xpath: //a[@class='header_dropdown_menu_item header_category' and text()='Concerts'] (tried for 30 second(s) with 500 milliseconds interval)
at org.openqa.selenium.support.ui.WebDriverWait.timeoutException(WebDriverWait.java:113)
at org.openqa.selenium.support.ui.FluentWait.until(FluentWait.java:283)
at commons.BasePage.waitForElementVisible(BasePage.java:403)
at pageObjects.HomePageObject.hoverToMainCategory(HomePageObject.java:16)
at com.gigsberg.regression.TC_Concerts_Regression.TC_02_Concerts_Pop(TC_Concerts_Regression.java:54)
Caused by: org.openqa.selenium.NoSuchElementException: Cannot locate an element using By.xpath: //a[@class='header_dropdown_menu_item header_category' and text()='Concerts']
For documentation on this error, please visit: http://seleniumhq.org/exceptions/no_such_element.html
Build info: version: '3.14.0', revision: 'aacccce0', time: '2018-08-02T20:19:58.91Z'
System info: host: 'DESKTOP-9TSO38K', ip: '192.168.0.10', os.name: 'Windows 10', os.arch: 'amd64', os.version: '10.0', java.version: '17.0.2'
Driver info: driver.version: unknown
at org.openqa.selenium.support.ui.ExpectedConditions.lambda$findElement$0(ExpectedConditions.java:896)
at java.base/java.util.Optional.orElseThrow(Optional.java:403)
at org.openqa.selenium.support.ui.ExpectedConditions.findElement(ExpectedConditions.java:895)
at org.openqa.selenium.support.ui.ExpectedConditions.access$000(ExpectedConditions.java:44)
at org.openqa.selenium.support.ui.ExpectedConditions$7.apply(ExpectedConditions.java:206)
at org.openqa.selenium.support.ui.ExpectedConditions$7.apply(ExpectedConditions.java:202)
at org.openqa.selenium.support.ui.FluentWait.until(FluentWait.java:260)
... 28 more
... Removed 25 stack frames]]>
    </failure>
  </testcase> <!-- TC_02_Concerts_Pop -->
  <testcase classname="com.gigsberg.regression.TC_Concerts_Regression" name="TC_03_Concerts_R_and_B" time="30.058">
    <failure type="org.openqa.selenium.TimeoutException" message="Expected condition failed: waiting for visibility of element located by By.xpath: //a[@class=&amp;apos;header_dropdown_menu_item header_category&amp;apos; and text()=&amp;apos;Concerts&amp;apos;] (tried for 30 second(s) with 500 milliseconds interval)">
      <![CDATA[org.openqa.selenium.TimeoutException: Expected condition failed: waiting for visibility of element located by By.xpath: //a[@class='header_dropdown_menu_item header_category' and text()='Concerts'] (tried for 30 second(s) with 500 milliseconds interval)
at org.openqa.selenium.support.ui.WebDriverWait.timeoutException(WebDriverWait.java:113)
at org.openqa.selenium.support.ui.FluentWait.until(FluentWait.java:283)
at commons.BasePage.waitForElementVisible(BasePage.java:403)
at pageObjects.HomePageObject.hoverToMainCategory(HomePageObject.java:16)
at com.gigsberg.regression.TC_Concerts_Regression.TC_03_Concerts_R_and_B(TC_Concerts_Regression.java:64)
Caused by: org.openqa.selenium.NoSuchElementException: Cannot locate an element using By.xpath: //a[@class='header_dropdown_menu_item header_category' and text()='Concerts']
For documentation on this error, please visit: http://seleniumhq.org/exceptions/no_such_element.html
Build info: version: '3.14.0', revision: 'aacccce0', time: '2018-08-02T20:19:58.91Z'
System info: host: 'DESKTOP-9TSO38K', ip: '192.168.0.10', os.name: 'Windows 10', os.arch: 'amd64', os.version: '10.0', java.version: '17.0.2'
Driver info: driver.version: unknown
at org.openqa.selenium.support.ui.ExpectedConditions.lambda$findElement$0(ExpectedConditions.java:896)
at java.base/java.util.Optional.orElseThrow(Optional.java:403)
at org.openqa.selenium.support.ui.ExpectedConditions.findElement(ExpectedConditions.java:895)
at org.openqa.selenium.support.ui.ExpectedConditions.access$000(ExpectedConditions.java:44)
at org.openqa.selenium.support.ui.ExpectedConditions$7.apply(ExpectedConditions.java:206)
at org.openqa.selenium.support.ui.ExpectedConditions$7.apply(ExpectedConditions.java:202)
at org.openqa.selenium.support.ui.FluentWait.until(FluentWait.java:260)
... 28 more
... Removed 25 stack frames]]>
    </failure>
  </testcase> <!-- TC_03_Concerts_R_and_B -->
  <testcase classname="com.gigsberg.regression.TC_Concerts_Regression" name="TC_04_Concerts_HardRockMetal" time="30.028">
    <failure type="org.openqa.selenium.TimeoutException" message="Expected condition failed: waiting for visibility of element located by By.xpath: //a[@class=&amp;apos;header_dropdown_menu_item header_category&amp;apos; and text()=&amp;apos;Concerts&amp;apos;] (tried for 30 second(s) with 500 milliseconds interval)">
      <![CDATA[org.openqa.selenium.TimeoutException: Expected condition failed: waiting for visibility of element located by By.xpath: //a[@class='header_dropdown_menu_item header_category' and text()='Concerts'] (tried for 30 second(s) with 500 milliseconds interval)
at org.openqa.selenium.support.ui.WebDriverWait.timeoutException(WebDriverWait.java:113)
at org.openqa.selenium.support.ui.FluentWait.until(FluentWait.java:283)
at commons.BasePage.waitForElementVisible(BasePage.java:403)
at pageObjects.HomePageObject.hoverToMainCategory(HomePageObject.java:16)
at com.gigsberg.regression.TC_Concerts_Regression.TC_04_Concerts_HardRockMetal(TC_Concerts_Regression.java:73)
Caused by: org.openqa.selenium.NoSuchElementException: Cannot locate an element using By.xpath: //a[@class='header_dropdown_menu_item header_category' and text()='Concerts']
For documentation on this error, please visit: http://seleniumhq.org/exceptions/no_such_element.html
Build info: version: '3.14.0', revision: 'aacccce0', time: '2018-08-02T20:19:58.91Z'
System info: host: 'DESKTOP-9TSO38K', ip: '192.168.0.10', os.name: 'Windows 10', os.arch: 'amd64', os.version: '10.0', java.version: '17.0.2'
Driver info: driver.version: unknown
at org.openqa.selenium.support.ui.ExpectedConditions.lambda$findElement$0(ExpectedConditions.java:896)
at java.base/java.util.Optional.orElseThrow(Optional.java:403)
at org.openqa.selenium.support.ui.ExpectedConditions.findElement(ExpectedConditions.java:895)
at org.openqa.selenium.support.ui.ExpectedConditions.access$000(ExpectedConditions.java:44)
at org.openqa.selenium.support.ui.ExpectedConditions$7.apply(ExpectedConditions.java:206)
at org.openqa.selenium.support.ui.ExpectedConditions$7.apply(ExpectedConditions.java:202)
at org.openqa.selenium.support.ui.FluentWait.until(FluentWait.java:260)
... 28 more
... Removed 25 stack frames]]>
    </failure>
  </testcase> <!-- TC_04_Concerts_HardRockMetal -->
  <testcase classname="com.gigsberg.regression.TC_Concerts_Regression" name="TC_05_Concerts_Rap" time="54.247">
    <failure type="org.openqa.selenium.TimeoutException" message="Expected condition failed: waiting for visibility of element located by By.xpath: //h1[@class=&amp;apos;concert_sub_title&amp;apos; and text()=&amp;apos;Rock Tickets&amp;apos;] (tried for 30 second(s) with 500 milliseconds interval)">
      <![CDATA[org.openqa.selenium.TimeoutException: Expected condition failed: waiting for visibility of element located by By.xpath: //h1[@class='concert_sub_title' and text()='Rock Tickets'] (tried for 30 second(s) with 500 milliseconds interval)
at org.openqa.selenium.support.ui.WebDriverWait.timeoutException(WebDriverWait.java:113)
at org.openqa.selenium.support.ui.FluentWait.until(FluentWait.java:283)
at commons.BasePage.waitForElementVisible(BasePage.java:398)
at pageObjects.HomePageObject.getConcertSubTitle(HomePageObject.java:27)
at com.gigsberg.regression.TC_Concerts_Regression.TC_05_Concerts_Rap(TC_Concerts_Regression.java:83)
Caused by: org.openqa.selenium.NoSuchElementException: Cannot locate an element using By.xpath: //h1[@class='concert_sub_title' and text()='Rock Tickets']
For documentation on this error, please visit: http://seleniumhq.org/exceptions/no_such_element.html
Build info: version: '3.14.0', revision: 'aacccce0', time: '2018-08-02T20:19:58.91Z'
System info: host: 'DESKTOP-9TSO38K', ip: '192.168.0.10', os.name: 'Windows 10', os.arch: 'amd64', os.version: '10.0', java.version: '17.0.2'
Driver info: driver.version: unknown
at org.openqa.selenium.support.ui.ExpectedConditions.lambda$findElement$0(ExpectedConditions.java:896)
at java.base/java.util.Optional.orElseThrow(Optional.java:403)
at org.openqa.selenium.support.ui.ExpectedConditions.findElement(ExpectedConditions.java:895)
at org.openqa.selenium.support.ui.ExpectedConditions.access$000(ExpectedConditions.java:44)
at org.openqa.selenium.support.ui.ExpectedConditions$7.apply(ExpectedConditions.java:206)
at org.openqa.selenium.support.ui.ExpectedConditions$7.apply(ExpectedConditions.java:202)
at org.openqa.selenium.support.ui.FluentWait.until(FluentWait.java:260)
... 28 more
... Removed 25 stack frames]]>
    </failure>
  </testcase> <!-- TC_05_Concerts_Rap -->
  <testcase classname="com.gigsberg.regression.TC_Concerts_Regression" name="TC_06_Concerts_HipHopReggae" time="30.034">
    <failure type="org.openqa.selenium.TimeoutException" message="Expected condition failed: waiting for visibility of element located by By.xpath: //a[@class=&amp;apos;header_dropdown_menu_item header_category&amp;apos; and text()=&amp;apos;Concerts&amp;apos;] (tried for 30 second(s) with 500 milliseconds interval)">
      <![CDATA[org.openqa.selenium.TimeoutException: Expected condition failed: waiting for visibility of element located by By.xpath: //a[@class='header_dropdown_menu_item header_category' and text()='Concerts'] (tried for 30 second(s) with 500 milliseconds interval)
at org.openqa.selenium.support.ui.WebDriverWait.timeoutException(WebDriverWait.java:113)
at org.openqa.selenium.support.ui.FluentWait.until(FluentWait.java:283)
at commons.BasePage.waitForElementVisible(BasePage.java:403)
at pageObjects.HomePageObject.hoverToMainCategory(HomePageObject.java:16)
at com.gigsberg.regression.TC_Concerts_Regression.TC_06_Concerts_HipHopReggae(TC_Concerts_Regression.java:89)
Caused by: org.openqa.selenium.NoSuchElementException: Cannot locate an element using By.xpath: //a[@class='header_dropdown_menu_item header_category' and text()='Concerts']
For documentation on this error, please visit: http://seleniumhq.org/exceptions/no_such_element.html
Build info: version: '3.14.0', revision: 'aacccce0', time: '2018-08-02T20:19:58.91Z'
System info: host: 'DESKTOP-9TSO38K', ip: '192.168.0.10', os.name: 'Windows 10', os.arch: 'amd64', os.version: '10.0', java.version: '17.0.2'
Driver info: driver.version: unknown
at org.openqa.selenium.support.ui.ExpectedConditions.lambda$findElement$0(ExpectedConditions.java:896)
at java.base/java.util.Optional.orElseThrow(Optional.java:403)
at org.openqa.selenium.support.ui.ExpectedConditions.findElement(ExpectedConditions.java:895)
at org.openqa.selenium.support.ui.ExpectedConditions.access$000(ExpectedConditions.java:44)
at org.openqa.selenium.support.ui.ExpectedConditions$7.apply(ExpectedConditions.java:206)
at org.openqa.selenium.support.ui.ExpectedConditions$7.apply(ExpectedConditions.java:202)
at org.openqa.selenium.support.ui.FluentWait.until(FluentWait.java:260)
... 28 more
... Removed 25 stack frames]]>
    </failure>
  </testcase> <!-- TC_06_Concerts_HipHopReggae -->
  <testcase classname="com.gigsberg.regression.TC_Concerts_Regression" name="TC_07_Concerts_Alternative_Indie" time="30.027">
    <failure type="org.openqa.selenium.TimeoutException" message="Expected condition failed: waiting for visibility of element located by By.xpath: //a[@class=&amp;apos;header_dropdown_menu_item header_category&amp;apos; and text()=&amp;apos;Concerts&amp;apos;] (tried for 30 second(s) with 500 milliseconds interval)">
      <![CDATA[org.openqa.selenium.TimeoutException: Expected condition failed: waiting for visibility of element located by By.xpath: //a[@class='header_dropdown_menu_item header_category' and text()='Concerts'] (tried for 30 second(s) with 500 milliseconds interval)
at org.openqa.selenium.support.ui.WebDriverWait.timeoutException(WebDriverWait.java:113)
at org.openqa.selenium.support.ui.FluentWait.until(FluentWait.java:283)
at commons.BasePage.waitForElementVisible(BasePage.java:403)
at pageObjects.HomePageObject.hoverToMainCategory(HomePageObject.java:16)
at com.gigsberg.regression.TC_Concerts_Regression.TC_07_Concerts_Alternative_Indie(TC_Concerts_Regression.java:97)
Caused by: org.openqa.selenium.NoSuchElementException: Cannot locate an element using By.xpath: //a[@class='header_dropdown_menu_item header_category' and text()='Concerts']
For documentation on this error, please visit: http://seleniumhq.org/exceptions/no_such_element.html
Build info: version: '3.14.0', revision: 'aacccce0', time: '2018-08-02T20:19:58.91Z'
System info: host: 'DESKTOP-9TSO38K', ip: '192.168.0.10', os.name: 'Windows 10', os.arch: 'amd64', os.version: '10.0', java.version: '17.0.2'
Driver info: driver.version: unknown
at org.openqa.selenium.support.ui.ExpectedConditions.lambda$findElement$0(ExpectedConditions.java:896)
at java.base/java.util.Optional.orElseThrow(Optional.java:403)
at org.openqa.selenium.support.ui.ExpectedConditions.findElement(ExpectedConditions.java:895)
at org.openqa.selenium.support.ui.ExpectedConditions.access$000(ExpectedConditions.java:44)
at org.openqa.selenium.support.ui.ExpectedConditions$7.apply(ExpectedConditions.java:206)
at org.openqa.selenium.support.ui.ExpectedConditions$7.apply(ExpectedConditions.java:202)
at org.openqa.selenium.support.ui.FluentWait.until(FluentWait.java:260)
... 28 more
... Removed 25 stack frames]]>
    </failure>
  </testcase> <!-- TC_07_Concerts_Alternative_Indie -->
  <testcase classname="com.gigsberg.regression.TC_Concerts_Regression" name="TC_08_Concerts_All_Concerts" time="30.039">
    <failure type="org.openqa.selenium.TimeoutException" message="Expected condition failed: waiting for visibility of element located by By.xpath: //a[@class=&amp;apos;header_dropdown_menu_item header_category&amp;apos; and text()=&amp;apos;All Concerts&amp;apos;] (tried for 30 second(s) with 500 milliseconds interval)">
      <![CDATA[org.openqa.selenium.TimeoutException: Expected condition failed: waiting for visibility of element located by By.xpath: //a[@class='header_dropdown_menu_item header_category' and text()='All Concerts'] (tried for 30 second(s) with 500 milliseconds interval)
at org.openqa.selenium.support.ui.WebDriverWait.timeoutException(WebDriverWait.java:113)
at org.openqa.selenium.support.ui.FluentWait.until(FluentWait.java:283)
at commons.BasePage.waitForElementVisible(BasePage.java:403)
at pageObjects.HomePageObject.hoverToMainCategory(HomePageObject.java:16)
at com.gigsberg.regression.TC_Concerts_Regression.TC_08_Concerts_All_Concerts(TC_Concerts_Regression.java:105)
Caused by: org.openqa.selenium.NoSuchElementException: Cannot locate an element using By.xpath: //a[@class='header_dropdown_menu_item header_category' and text()='All Concerts']
For documentation on this error, please visit: http://seleniumhq.org/exceptions/no_such_element.html
Build info: version: '3.14.0', revision: 'aacccce0', time: '2018-08-02T20:19:58.91Z'
System info: host: 'DESKTOP-9TSO38K', ip: '192.168.0.10', os.name: 'Windows 10', os.arch: 'amd64', os.version: '10.0', java.version: '17.0.2'
Driver info: driver.version: unknown
at org.openqa.selenium.support.ui.ExpectedConditions.lambda$findElement$0(ExpectedConditions.java:896)
at java.base/java.util.Optional.orElseThrow(Optional.java:403)
at org.openqa.selenium.support.ui.ExpectedConditions.findElement(ExpectedConditions.java:895)
at org.openqa.selenium.support.ui.ExpectedConditions.access$000(ExpectedConditions.java:44)
at org.openqa.selenium.support.ui.ExpectedConditions$7.apply(ExpectedConditions.java:206)
at org.openqa.selenium.support.ui.ExpectedConditions$7.apply(ExpectedConditions.java:202)
at org.openqa.selenium.support.ui.FluentWait.until(FluentWait.java:260)
... 28 more
... Removed 25 stack frames]]>
    </failure>
  </testcase> <!-- TC_08_Concerts_All_Concerts -->
</testsuite> <!-- Run on CHROME -->
