<?xml version="1.0" encoding="UTF-8"?>
<testng-results ignored="0" total="15" passed="13" failed="2" skipped="0">
  <reporter-output>
  </reporter-output>
  <suite started-at="2022-10-17T10:36:29Z" name="Gigsberg" finished-at="2022-10-17T10:38:40Z" duration-ms="130478">
    <groups>
    </groups>
    <test started-at="2022-10-17T10:36:29Z" name="Run on CHROME" finished-at="2022-10-17T10:38:40Z" duration-ms="130478">
      <class name="com.gigsberg.regression.Testcase_Concerts_Regression">
        <test-method is-config="true" signature="setup(java.lang.String, java.lang.String)[pri:0, instance:com.gigsberg.regression.Testcase_Concerts_Regression@484970b0]" started-at="2022-10-17T10:37:28Z" name="setup" finished-at="2022-10-17T10:37:34Z" duration-ms="6432" status="PASS">
          <params>
            <param index="0">
              <value>
                <![CDATA[chrome]]>
              </value>
            </param>
            <param index="1">
              <value>
                <![CDATA[https://gigsberg.com/]]>
              </value>
            </param>
          </params>
          <reporter-output>
          </reporter-output>
        </test-method> <!-- setup -->
        <test-method signature="TC_01_Concerts_Rock(java.lang.reflect.Method)[pri:0, instance:com.gigsberg.regression.Testcase_Concerts_Regression@484970b0]" started-at="2022-10-17T10:37:34Z" name="TC_01_Concerts_Rock" finished-at="2022-10-17T10:37:38Z" duration-ms="4366" status="PASS">
          <params>
            <param index="0">
              <value>
                <![CDATA[public void com.gigsberg.regression.Testcase_Concerts_Regression.TC_01_Concerts_Rock(java.lang.reflect.Method)]]>
              </value>
            </param>
          </params>
          <reporter-output>
          </reporter-output>
        </test-method> <!-- TC_01_Concerts_Rock -->
        <test-method is-config="true" signature="afterClass()[pri:0, instance:com.gigsberg.regression.Testcase_Concerts_Regression@484970b0]" started-at="2022-10-17T10:37:38Z" name="afterClass" finished-at="2022-10-17T10:37:38Z" duration-ms="100" status="PASS">
          <reporter-output>
          </reporter-output>
        </test-method> <!-- afterClass -->
        <test-method is-config="true" signature="setup(java.lang.String, java.lang.String)[pri:0, instance:com.gigsberg.regression.Testcase_Concerts_Regression@484970b0]" started-at="2022-10-17T10:37:38Z" name="setup" finished-at="2022-10-17T10:37:42Z" duration-ms="3296" status="PASS">
          <params>
            <param index="0">
              <value>
                <![CDATA[chrome]]>
              </value>
            </param>
            <param index="1">
              <value>
                <![CDATA[https://gigsberg.com/]]>
              </value>
            </param>
          </params>
          <reporter-output>
          </reporter-output>
        </test-method> <!-- setup -->
        <test-method signature="TC_02_Concerts_Pop(java.lang.reflect.Method)[pri:0, instance:com.gigsberg.regression.Testcase_Concerts_Regression@484970b0]" started-at="2022-10-17T10:37:42Z" name="TC_02_Concerts_Pop" finished-at="2022-10-17T10:37:45Z" duration-ms="3498" status="PASS">
          <params>
            <param index="0">
              <value>
                <![CDATA[public void com.gigsberg.regression.Testcase_Concerts_Regression.TC_02_Concerts_Pop(java.lang.reflect.Method)]]>
              </value>
            </param>
          </params>
          <reporter-output>
          </reporter-output>
        </test-method> <!-- TC_02_Concerts_Pop -->
        <test-method is-config="true" signature="afterClass()[pri:0, instance:com.gigsberg.regression.Testcase_Concerts_Regression@484970b0]" started-at="2022-10-17T10:37:45Z" name="afterClass" finished-at="2022-10-17T10:37:45Z" duration-ms="84" status="PASS">
          <reporter-output>
          </reporter-output>
        </test-method> <!-- afterClass -->
        <test-method is-config="true" signature="setup(java.lang.String, java.lang.String)[pri:0, instance:com.gigsberg.regression.Testcase_Concerts_Regression@484970b0]" started-at="2022-10-17T10:37:45Z" name="setup" finished-at="2022-10-17T10:37:49Z" duration-ms="3389" status="PASS">
          <params>
            <param index="0">
              <value>
                <![CDATA[chrome]]>
              </value>
            </param>
            <param index="1">
              <value>
                <![CDATA[https://gigsberg.com/]]>
              </value>
            </param>
          </params>
          <reporter-output>
          </reporter-output>
        </test-method> <!-- setup -->
        <test-method signature="TC_03_Concerts_R_and_B(java.lang.reflect.Method)[pri:0, instance:com.gigsberg.regression.Testcase_Concerts_Regression@484970b0]" started-at="2022-10-17T10:37:49Z" name="TC_03_Concerts_R_and_B" finished-at="2022-10-17T10:37:57Z" duration-ms="7827" status="FAIL">
          <params>
            <param index="0">
              <value>
                <![CDATA[public void com.gigsberg.regression.Testcase_Concerts_Regression.TC_03_Concerts_R_and_B(java.lang.reflect.Method)]]>
              </value>
            </param>
          </params>
          <exception class="org.openqa.selenium.TimeoutException">
            <message>
              <![CDATA[Expected condition failed: waiting for visibility of element located by By.xpath: //h1[@class='concert_sub_title' and text()='R&B Tickets'] (tried for 5 second(s) with 500 milliseconds interval)]]>
            </message>
            <full-stacktrace>
              <![CDATA[org.openqa.selenium.TimeoutException: Expected condition failed: waiting for visibility of element located by By.xpath: //h1[@class='concert_sub_title' and text()='R&B Tickets'] (tried for 5 second(s) with 500 milliseconds interval)
at org.openqa.selenium.support.ui.WebDriverWait.timeoutException(WebDriverWait.java:113)
at org.openqa.selenium.support.ui.FluentWait.until(FluentWait.java:283)
at commons.BasePage.waitForElementVisible(BasePage.java:403)
at pageObjects.HomePageObject.getConcertSubTitle(HomePageObject.java:27)
at com.gigsberg.regression.Testcase_Concerts_Regression.TC_03_Concerts_R_and_B(Testcase_Concerts_Regression.java:71)
at java.base/jdk.internal.reflect.NativeMethodAccessorImpl.invoke0(Native Method)
at java.base/jdk.internal.reflect.NativeMethodAccessorImpl.invoke(NativeMethodAccessorImpl.java:77)
at java.base/jdk.internal.reflect.DelegatingMethodAccessorImpl.invoke(DelegatingMethodAccessorImpl.java:43)
at java.base/java.lang.reflect.Method.invoke(Method.java:568)
at org.testng.internal.MethodInvocationHelper.invokeMethod(MethodInvocationHelper.java:124)
at org.testng.internal.Invoker.invokeMethod(Invoker.java:583)
at org.testng.internal.Invoker.invokeTestMethod(Invoker.java:719)
at org.testng.internal.Invoker.invokeTestMethods(Invoker.java:989)
at org.testng.internal.TestMethodWorker.invokeTestMethods(TestMethodWorker.java:125)
at org.testng.internal.TestMethodWorker.run(TestMethodWorker.java:109)
at org.testng.TestRunner.privateRun(TestRunner.java:648)
at org.testng.TestRunner.run(TestRunner.java:505)
at org.testng.SuiteRunner.runTest(SuiteRunner.java:455)
at org.testng.SuiteRunner.runSequentially(SuiteRunner.java:450)
at org.testng.SuiteRunner.privateRun(SuiteRunner.java:415)
at org.testng.SuiteRunner.run(SuiteRunner.java:364)
at org.testng.SuiteRunnerWorker.runSuite(SuiteRunnerWorker.java:52)
at org.testng.SuiteRunnerWorker.run(SuiteRunnerWorker.java:84)
at org.testng.TestNG.runSuitesSequentially(TestNG.java:1208)
at org.testng.TestNG.runSuitesLocally(TestNG.java:1137)
at org.testng.TestNG.runSuites(TestNG.java:1049)
at org.testng.TestNG.run(TestNG.java:1017)
at org.testng.remote.AbstractRemoteTestNG.run(AbstractRemoteTestNG.java:115)
at org.testng.remote.RemoteTestNG.initAndRun(RemoteTestNG.java:251)
at org.testng.remote.RemoteTestNG.main(RemoteTestNG.java:77)
Caused by: org.openqa.selenium.NoSuchElementException: Cannot locate an element using By.xpath: //h1[@class='concert_sub_title' and text()='R&B Tickets']
For documentation on this error, please visit: http://seleniumhq.org/exceptions/no_such_element.html
Build info: version: '3.14.0', revision: 'aacccce0', time: '2018-08-02T20:19:58.91Z'
System info: host: 'DESKTOP-9TSO38K', ip: '192.168.0.10', os.name: 'Windows 10', os.arch: 'amd64', os.version: '10.0', java.version: '17.0.2'
Driver info: driver.version: unknown
at org.openqa.selenium.support.ui.ExpectedConditions.lambda$findElement$0(ExpectedConditions.java:896)
at java.base/java.util.Optional.orElseThrow(Optional.java:403)
at org.openqa.selenium.support.ui.ExpectedConditions.findElement(ExpectedConditions.java:895)
at org.openqa.selenium.support.ui.ExpectedConditions.access$000(ExpectedConditions.java:44)
at org.openqa.selenium.support.ui.ExpectedConditions$7.apply(ExpectedConditions.java:206)
at org.openqa.selenium.support.ui.ExpectedConditions$7.apply(ExpectedConditions.java:202)
at org.openqa.selenium.support.ui.FluentWait.until(FluentWait.java:260)
... 28 more
]]>
            </full-stacktrace>
          </exception> <!-- org.openqa.selenium.TimeoutException -->
          <reporter-output>
          </reporter-output>
        </test-method> <!-- TC_03_Concerts_R_and_B -->
        <test-method is-config="true" signature="afterClass()[pri:0, instance:com.gigsberg.regression.Testcase_Concerts_Regression@484970b0]" started-at="2022-10-17T10:37:57Z" name="afterClass" finished-at="2022-10-17T10:37:57Z" duration-ms="75" status="PASS">
          <reporter-output>
          </reporter-output>
        </test-method> <!-- afterClass -->
        <test-method is-config="true" signature="setup(java.lang.String, java.lang.String)[pri:0, instance:com.gigsberg.regression.Testcase_Concerts_Regression@484970b0]" started-at="2022-10-17T10:37:57Z" name="setup" finished-at="2022-10-17T10:38:00Z" duration-ms="3402" status="PASS">
          <params>
            <param index="0">
              <value>
                <![CDATA[chrome]]>
              </value>
            </param>
            <param index="1">
              <value>
                <![CDATA[https://gigsberg.com/]]>
              </value>
            </param>
          </params>
          <reporter-output>
          </reporter-output>
        </test-method> <!-- setup -->
        <test-method signature="TC_04_Concerts_HardRockMetal(java.lang.reflect.Method)[pri:0, instance:com.gigsberg.regression.Testcase_Concerts_Regression@484970b0]" started-at="2022-10-17T10:38:00Z" name="TC_04_Concerts_HardRockMetal" finished-at="2022-10-17T10:38:03Z" duration-ms="2962" status="PASS">
          <params>
            <param index="0">
              <value>
                <![CDATA[public void com.gigsberg.regression.Testcase_Concerts_Regression.TC_04_Concerts_HardRockMetal(java.lang.reflect.Method)]]>
              </value>
            </param>
          </params>
          <reporter-output>
          </reporter-output>
        </test-method> <!-- TC_04_Concerts_HardRockMetal -->
        <test-method is-config="true" signature="afterClass()[pri:0, instance:com.gigsberg.regression.Testcase_Concerts_Regression@484970b0]" started-at="2022-10-17T10:38:03Z" name="afterClass" finished-at="2022-10-17T10:38:03Z" duration-ms="102" status="PASS">
          <reporter-output>
          </reporter-output>
        </test-method> <!-- afterClass -->
        <test-method is-config="true" signature="setup(java.lang.String, java.lang.String)[pri:0, instance:com.gigsberg.regression.Testcase_Concerts_Regression@484970b0]" started-at="2022-10-17T10:38:03Z" name="setup" finished-at="2022-10-17T10:38:10Z" duration-ms="7047" status="PASS">
          <params>
            <param index="0">
              <value>
                <![CDATA[chrome]]>
              </value>
            </param>
            <param index="1">
              <value>
                <![CDATA[https://gigsberg.com/]]>
              </value>
            </param>
          </params>
          <reporter-output>
          </reporter-output>
        </test-method> <!-- setup -->
        <test-method signature="TC_05_Concerts_Rap(java.lang.reflect.Method)[pri:0, instance:com.gigsberg.regression.Testcase_Concerts_Regression@484970b0]" started-at="2022-10-17T10:38:10Z" name="TC_05_Concerts_Rap" finished-at="2022-10-17T10:38:15Z" duration-ms="4435" status="PASS">
          <params>
            <param index="0">
              <value>
                <![CDATA[public void com.gigsberg.regression.Testcase_Concerts_Regression.TC_05_Concerts_Rap(java.lang.reflect.Method)]]>
              </value>
            </param>
          </params>
          <reporter-output>
          </reporter-output>
        </test-method> <!-- TC_05_Concerts_Rap -->
        <test-method is-config="true" signature="afterClass()[pri:0, instance:com.gigsberg.regression.Testcase_Concerts_Regression@484970b0]" started-at="2022-10-17T10:38:15Z" name="afterClass" finished-at="2022-10-17T10:38:15Z" duration-ms="91" status="PASS">
          <reporter-output>
          </reporter-output>
        </test-method> <!-- afterClass -->
        <test-method is-config="true" signature="setup(java.lang.String, java.lang.String)[pri:0, instance:com.gigsberg.regression.Testcase_Concerts_Regression@484970b0]" started-at="2022-10-17T10:38:15Z" name="setup" finished-at="2022-10-17T10:38:18Z" duration-ms="3448" status="PASS">
          <params>
            <param index="0">
              <value>
                <![CDATA[chrome]]>
              </value>
            </param>
            <param index="1">
              <value>
                <![CDATA[https://gigsberg.com/]]>
              </value>
            </param>
          </params>
          <reporter-output>
          </reporter-output>
        </test-method> <!-- setup -->
        <test-method signature="TC_06_Concerts_HipHopReggae(java.lang.reflect.Method)[pri:0, instance:com.gigsberg.regression.Testcase_Concerts_Regression@484970b0]" started-at="2022-10-17T10:38:18Z" name="TC_06_Concerts_HipHopReggae" finished-at="2022-10-17T10:38:22Z" duration-ms="3142" status="PASS">
          <params>
            <param index="0">
              <value>
                <![CDATA[public void com.gigsberg.regression.Testcase_Concerts_Regression.TC_06_Concerts_HipHopReggae(java.lang.reflect.Method)]]>
              </value>
            </param>
          </params>
          <reporter-output>
          </reporter-output>
        </test-method> <!-- TC_06_Concerts_HipHopReggae -->
        <test-method is-config="true" signature="afterClass()[pri:0, instance:com.gigsberg.regression.Testcase_Concerts_Regression@484970b0]" started-at="2022-10-17T10:38:22Z" name="afterClass" finished-at="2022-10-17T10:38:22Z" duration-ms="95" status="PASS">
          <reporter-output>
          </reporter-output>
        </test-method> <!-- afterClass -->
        <test-method is-config="true" signature="setup(java.lang.String, java.lang.String)[pri:0, instance:com.gigsberg.regression.Testcase_Concerts_Regression@484970b0]" started-at="2022-10-17T10:38:22Z" name="setup" finished-at="2022-10-17T10:38:25Z" duration-ms="3323" status="PASS">
          <params>
            <param index="0">
              <value>
                <![CDATA[chrome]]>
              </value>
            </param>
            <param index="1">
              <value>
                <![CDATA[https://gigsberg.com/]]>
              </value>
            </param>
          </params>
          <reporter-output>
          </reporter-output>
        </test-method> <!-- setup -->
        <test-method signature="TC_07_Concerts_Alternative_Indie(java.lang.reflect.Method)[pri:0, instance:com.gigsberg.regression.Testcase_Concerts_Regression@484970b0]" started-at="2022-10-17T10:38:25Z" name="TC_07_Concerts_Alternative_Indie" finished-at="2022-10-17T10:38:28Z" duration-ms="3184" status="PASS">
          <params>
            <param index="0">
              <value>
                <![CDATA[public void com.gigsberg.regression.Testcase_Concerts_Regression.TC_07_Concerts_Alternative_Indie(java.lang.reflect.Method)]]>
              </value>
            </param>
          </params>
          <reporter-output>
          </reporter-output>
        </test-method> <!-- TC_07_Concerts_Alternative_Indie -->
        <test-method is-config="true" signature="afterClass()[pri:0, instance:com.gigsberg.regression.Testcase_Concerts_Regression@484970b0]" started-at="2022-10-17T10:38:28Z" name="afterClass" finished-at="2022-10-17T10:38:28Z" duration-ms="93" status="PASS">
          <reporter-output>
          </reporter-output>
        </test-method> <!-- afterClass -->
        <test-method is-config="true" signature="setup(java.lang.String, java.lang.String)[pri:0, instance:com.gigsberg.regression.Testcase_Concerts_Regression@484970b0]" started-at="2022-10-17T10:38:28Z" name="setup" finished-at="2022-10-17T10:38:32Z" duration-ms="3300" status="PASS">
          <params>
            <param index="0">
              <value>
                <![CDATA[chrome]]>
              </value>
            </param>
            <param index="1">
              <value>
                <![CDATA[https://gigsberg.com/]]>
              </value>
            </param>
          </params>
          <reporter-output>
          </reporter-output>
        </test-method> <!-- setup -->
        <test-method signature="TC_08_Concerts_All_Concerts(java.lang.reflect.Method)[pri:0, instance:com.gigsberg.regression.Testcase_Concerts_Regression@484970b0]" started-at="2022-10-17T10:38:32Z" name="TC_08_Concerts_All_Concerts" finished-at="2022-10-17T10:38:33Z" duration-ms="1759" status="PASS">
          <params>
            <param index="0">
              <value>
                <![CDATA[public void com.gigsberg.regression.Testcase_Concerts_Regression.TC_08_Concerts_All_Concerts(java.lang.reflect.Method)]]>
              </value>
            </param>
          </params>
          <reporter-output>
          </reporter-output>
        </test-method> <!-- TC_08_Concerts_All_Concerts -->
        <test-method is-config="true" signature="afterClass()[pri:0, instance:com.gigsberg.regression.Testcase_Concerts_Regression@484970b0]" started-at="2022-10-17T10:38:33Z" name="afterClass" finished-at="2022-10-17T10:38:33Z" duration-ms="101" status="PASS">
          <reporter-output>
          </reporter-output>
        </test-method> <!-- afterClass -->
        <test-method is-config="true" signature="setup(java.lang.String, java.lang.String)[pri:0, instance:com.gigsberg.regression.Testcase_Concerts_Regression@484970b0]" started-at="2022-10-17T10:38:33Z" name="setup" finished-at="2022-10-17T10:38:37Z" duration-ms="3349" status="PASS">
          <params>
            <param index="0">
              <value>
                <![CDATA[chrome]]>
              </value>
            </param>
            <param index="1">
              <value>
                <![CDATA[https://gigsberg.com/]]>
              </value>
            </param>
          </params>
          <reporter-output>
          </reporter-output>
        </test-method> <!-- setup -->
        <test-method signature="TC_09_Concerts_Rock_And_Pop(java.lang.reflect.Method)[pri:0, instance:com.gigsberg.regression.Testcase_Concerts_Regression@484970b0]" started-at="2022-10-17T10:38:37Z" name="TC_09_Concerts_Rock_And_Pop" finished-at="2022-10-17T10:38:40Z" duration-ms="2797" status="PASS">
          <params>
            <param index="0">
              <value>
                <![CDATA[public void com.gigsberg.regression.Testcase_Concerts_Regression.TC_09_Concerts_Rock_And_Pop(java.lang.reflect.Method)]]>
              </value>
            </param>
          </params>
          <reporter-output>
          </reporter-output>
        </test-method> <!-- TC_09_Concerts_Rock_And_Pop -->
        <test-method is-config="true" signature="afterClass()[pri:0, instance:com.gigsberg.regression.Testcase_Concerts_Regression@484970b0]" started-at="2022-10-17T10:38:40Z" name="afterClass" finished-at="2022-10-17T10:38:40Z" duration-ms="76" status="PASS">
          <reporter-output>
          </reporter-output>
        </test-method> <!-- afterClass -->
      </class> <!-- com.gigsberg.regression.Testcase_Concerts_Regression -->
      <class name="com.gigsberg.regression.Testcase_Theatre_Regression">
        <test-method is-config="true" signature="setup(java.lang.String, java.lang.String)[pri:0, instance:com.gigsberg.regression.Testcase_Theatre_Regression@3e96bacf]" started-at="2022-10-17T10:36:29Z" name="setup" finished-at="2022-10-17T10:36:39Z" duration-ms="9539" status="PASS">
          <params>
            <param index="0">
              <value>
                <![CDATA[chrome]]>
              </value>
            </param>
            <param index="1">
              <value>
                <![CDATA[https://gigsberg.com/]]>
              </value>
            </param>
          </params>
          <reporter-output>
          </reporter-output>
        </test-method> <!-- setup -->
        <test-method signature="TC_01_Theatre_Comedy(java.lang.reflect.Method)[pri:0, instance:com.gigsberg.regression.Testcase_Theatre_Regression@3e96bacf]" started-at="2022-10-17T10:36:39Z" name="TC_01_Theatre_Comedy" finished-at="2022-10-17T10:36:44Z" duration-ms="4854" status="PASS">
          <params>
            <param index="0">
              <value>
                <![CDATA[public void com.gigsberg.regression.Testcase_Theatre_Regression.TC_01_Theatre_Comedy(java.lang.reflect.Method)]]>
              </value>
            </param>
          </params>
          <reporter-output>
          </reporter-output>
        </test-method> <!-- TC_01_Theatre_Comedy -->
        <test-method is-config="true" signature="afterClass()[pri:0, instance:com.gigsberg.regression.Testcase_Theatre_Regression@3e96bacf]" started-at="2022-10-17T10:36:44Z" name="afterClass" finished-at="2022-10-17T10:36:44Z" duration-ms="86" status="PASS">
          <reporter-output>
          </reporter-output>
        </test-method> <!-- afterClass -->
        <test-method is-config="true" signature="setup(java.lang.String, java.lang.String)[pri:0, instance:com.gigsberg.regression.Testcase_Theatre_Regression@3e96bacf]" started-at="2022-10-17T10:36:44Z" name="setup" finished-at="2022-10-17T10:36:48Z" duration-ms="4006" status="PASS">
          <params>
            <param index="0">
              <value>
                <![CDATA[chrome]]>
              </value>
            </param>
            <param index="1">
              <value>
                <![CDATA[https://gigsberg.com/]]>
              </value>
            </param>
          </params>
          <reporter-output>
          </reporter-output>
        </test-method> <!-- setup -->
        <test-method signature="TC_02_Theatre_Ballet_Dance(java.lang.reflect.Method)[pri:0, instance:com.gigsberg.regression.Testcase_Theatre_Regression@3e96bacf]" started-at="2022-10-17T10:36:48Z" name="TC_02_Theatre_Ballet_Dance" finished-at="2022-10-17T10:36:50Z" duration-ms="2291" status="PASS">
          <params>
            <param index="0">
              <value>
                <![CDATA[public void com.gigsberg.regression.Testcase_Theatre_Regression.TC_02_Theatre_Ballet_Dance(java.lang.reflect.Method)]]>
              </value>
            </param>
          </params>
          <reporter-output>
          </reporter-output>
        </test-method> <!-- TC_02_Theatre_Ballet_Dance -->
        <test-method is-config="true" signature="afterClass()[pri:0, instance:com.gigsberg.regression.Testcase_Theatre_Regression@3e96bacf]" started-at="2022-10-17T10:36:50Z" name="afterClass" finished-at="2022-10-17T10:36:50Z" duration-ms="94" status="PASS">
          <reporter-output>
          </reporter-output>
        </test-method> <!-- afterClass -->
        <test-method is-config="true" signature="setup(java.lang.String, java.lang.String)[pri:0, instance:com.gigsberg.regression.Testcase_Theatre_Regression@3e96bacf]" started-at="2022-10-17T10:36:50Z" name="setup" finished-at="2022-10-17T10:36:57Z" duration-ms="6656" status="PASS">
          <params>
            <param index="0">
              <value>
                <![CDATA[chrome]]>
              </value>
            </param>
            <param index="1">
              <value>
                <![CDATA[https://gigsberg.com/]]>
              </value>
            </param>
          </params>
          <reporter-output>
          </reporter-output>
        </test-method> <!-- setup -->
        <test-method signature="TC_03_Theatre_Classical(java.lang.reflect.Method)[pri:0, instance:com.gigsberg.regression.Testcase_Theatre_Regression@3e96bacf]" started-at="2022-10-17T10:36:57Z" name="TC_03_Theatre_Classical" finished-at="2022-10-17T10:37:00Z" duration-ms="2953" status="PASS">
          <params>
            <param index="0">
              <value>
                <![CDATA[public void com.gigsberg.regression.Testcase_Theatre_Regression.TC_03_Theatre_Classical(java.lang.reflect.Method)]]>
              </value>
            </param>
          </params>
          <reporter-output>
          </reporter-output>
        </test-method> <!-- TC_03_Theatre_Classical -->
        <test-method is-config="true" signature="afterClass()[pri:0, instance:com.gigsberg.regression.Testcase_Theatre_Regression@3e96bacf]" started-at="2022-10-17T10:37:00Z" name="afterClass" finished-at="2022-10-17T10:37:00Z" duration-ms="93" status="PASS">
          <reporter-output>
          </reporter-output>
        </test-method> <!-- afterClass -->
        <test-method is-config="true" signature="setup(java.lang.String, java.lang.String)[pri:0, instance:com.gigsberg.regression.Testcase_Theatre_Regression@3e96bacf]" started-at="2022-10-17T10:37:00Z" name="setup" finished-at="2022-10-17T10:37:03Z" duration-ms="3421" status="PASS">
          <params>
            <param index="0">
              <value>
                <![CDATA[chrome]]>
              </value>
            </param>
            <param index="1">
              <value>
                <![CDATA[https://gigsberg.com/]]>
              </value>
            </param>
          </params>
          <reporter-output>
          </reporter-output>
        </test-method> <!-- setup -->
        <test-method signature="TC_04_Theatre_Shows(java.lang.reflect.Method)[pri:0, instance:com.gigsberg.regression.Testcase_Theatre_Regression@3e96bacf]" started-at="2022-10-17T10:37:03Z" name="TC_04_Theatre_Shows" finished-at="2022-10-17T10:37:06Z" duration-ms="2574" status="PASS">
          <params>
            <param index="0">
              <value>
                <![CDATA[public void com.gigsberg.regression.Testcase_Theatre_Regression.TC_04_Theatre_Shows(java.lang.reflect.Method)]]>
              </value>
            </param>
          </params>
          <reporter-output>
          </reporter-output>
        </test-method> <!-- TC_04_Theatre_Shows -->
        <test-method is-config="true" signature="afterClass()[pri:0, instance:com.gigsberg.regression.Testcase_Theatre_Regression@3e96bacf]" started-at="2022-10-17T10:37:06Z" name="afterClass" finished-at="2022-10-17T10:37:06Z" duration-ms="104" status="PASS">
          <reporter-output>
          </reporter-output>
        </test-method> <!-- afterClass -->
        <test-method is-config="true" signature="setup(java.lang.String, java.lang.String)[pri:0, instance:com.gigsberg.regression.Testcase_Theatre_Regression@3e96bacf]" started-at="2022-10-17T10:37:06Z" name="setup" finished-at="2022-10-17T10:37:12Z" duration-ms="5718" status="PASS">
          <params>
            <param index="0">
              <value>
                <![CDATA[chrome]]>
              </value>
            </param>
            <param index="1">
              <value>
                <![CDATA[https://gigsberg.com/]]>
              </value>
            </param>
          </params>
          <reporter-output>
          </reporter-output>
        </test-method> <!-- setup -->
        <test-method signature="TC_05_Theatre_Conferences_Speaking_Tour(java.lang.reflect.Method)[pri:0, instance:com.gigsberg.regression.Testcase_Theatre_Regression@3e96bacf]" started-at="2022-10-17T10:37:12Z" name="TC_05_Theatre_Conferences_Speaking_Tour" finished-at="2022-10-17T10:37:15Z" duration-ms="3933" status="PASS">
          <params>
            <param index="0">
              <value>
                <![CDATA[public void com.gigsberg.regression.Testcase_Theatre_Regression.TC_05_Theatre_Conferences_Speaking_Tour(java.lang.reflect.Method)]]>
              </value>
            </param>
          </params>
          <reporter-output>
          </reporter-output>
        </test-method> <!-- TC_05_Theatre_Conferences_Speaking_Tour -->
        <test-method is-config="true" signature="afterClass()[pri:0, instance:com.gigsberg.regression.Testcase_Theatre_Regression@3e96bacf]" started-at="2022-10-17T10:37:15Z" name="afterClass" finished-at="2022-10-17T10:37:16Z" duration-ms="72" status="PASS">
          <reporter-output>
          </reporter-output>
        </test-method> <!-- afterClass -->
        <test-method is-config="true" signature="setup(java.lang.String, java.lang.String)[pri:0, instance:com.gigsberg.regression.Testcase_Theatre_Regression@3e96bacf]" started-at="2022-10-17T10:37:16Z" name="setup" finished-at="2022-10-17T10:37:19Z" duration-ms="3333" status="PASS">
          <params>
            <param index="0">
              <value>
                <![CDATA[chrome]]>
              </value>
            </param>
            <param index="1">
              <value>
                <![CDATA[https://gigsberg.com/]]>
              </value>
            </param>
          </params>
          <reporter-output>
          </reporter-output>
        </test-method> <!-- setup -->
        <test-method signature="TC_06_Theatre_All_Theatre(java.lang.reflect.Method)[pri:0, instance:com.gigsberg.regression.Testcase_Theatre_Regression@3e96bacf]" started-at="2022-10-17T10:37:19Z" name="TC_06_Theatre_All_Theatre" finished-at="2022-10-17T10:37:27Z" duration-ms="8280" status="FAIL">
          <params>
            <param index="0">
              <value>
                <![CDATA[public void com.gigsberg.regression.Testcase_Theatre_Regression.TC_06_Theatre_All_Theatre(java.lang.reflect.Method)]]>
              </value>
            </param>
          </params>
          <exception class="org.openqa.selenium.TimeoutException">
            <message>
              <![CDATA[Expected condition failed: waiting for visibility of element located by By.xpath: //h1[@class='concert_sub_title' and text()='All Theatre Tickets'] (tried for 5 second(s) with 500 milliseconds interval)]]>
            </message>
            <full-stacktrace>
              <![CDATA[org.openqa.selenium.TimeoutException: Expected condition failed: waiting for visibility of element located by By.xpath: //h1[@class='concert_sub_title' and text()='All Theatre Tickets'] (tried for 5 second(s) with 500 milliseconds interval)
at org.openqa.selenium.support.ui.WebDriverWait.timeoutException(WebDriverWait.java:113)
at org.openqa.selenium.support.ui.FluentWait.until(FluentWait.java:283)
at commons.BasePage.waitForElementVisible(BasePage.java:403)
at pageObjects.HomePageObject.getConcertSubTitle(HomePageObject.java:27)
at com.gigsberg.regression.Testcase_Theatre_Regression.TC_06_Theatre_All_Theatre(Testcase_Theatre_Regression.java:125)
at java.base/jdk.internal.reflect.NativeMethodAccessorImpl.invoke0(Native Method)
at java.base/jdk.internal.reflect.NativeMethodAccessorImpl.invoke(NativeMethodAccessorImpl.java:77)
at java.base/jdk.internal.reflect.DelegatingMethodAccessorImpl.invoke(DelegatingMethodAccessorImpl.java:43)
at java.base/java.lang.reflect.Method.invoke(Method.java:568)
at org.testng.internal.MethodInvocationHelper.invokeMethod(MethodInvocationHelper.java:124)
at org.testng.internal.Invoker.invokeMethod(Invoker.java:583)
at org.testng.internal.Invoker.invokeTestMethod(Invoker.java:719)
at org.testng.internal.Invoker.invokeTestMethods(Invoker.java:989)
at org.testng.internal.TestMethodWorker.invokeTestMethods(TestMethodWorker.java:125)
at org.testng.internal.TestMethodWorker.run(TestMethodWorker.java:109)
at org.testng.TestRunner.privateRun(TestRunner.java:648)
at org.testng.TestRunner.run(TestRunner.java:505)
at org.testng.SuiteRunner.runTest(SuiteRunner.java:455)
at org.testng.SuiteRunner.runSequentially(SuiteRunner.java:450)
at org.testng.SuiteRunner.privateRun(SuiteRunner.java:415)
at org.testng.SuiteRunner.run(SuiteRunner.java:364)
at org.testng.SuiteRunnerWorker.runSuite(SuiteRunnerWorker.java:52)
at org.testng.SuiteRunnerWorker.run(SuiteRunnerWorker.java:84)
at org.testng.TestNG.runSuitesSequentially(TestNG.java:1208)
at org.testng.TestNG.runSuitesLocally(TestNG.java:1137)
at org.testng.TestNG.runSuites(TestNG.java:1049)
at org.testng.TestNG.run(TestNG.java:1017)
at org.testng.remote.AbstractRemoteTestNG.run(AbstractRemoteTestNG.java:115)
at org.testng.remote.RemoteTestNG.initAndRun(RemoteTestNG.java:251)
at org.testng.remote.RemoteTestNG.main(RemoteTestNG.java:77)
Caused by: org.openqa.selenium.NoSuchElementException: Cannot locate an element using By.xpath: //h1[@class='concert_sub_title' and text()='All Theatre Tickets']
For documentation on this error, please visit: http://seleniumhq.org/exceptions/no_such_element.html
Build info: version: '3.14.0', revision: 'aacccce0', time: '2018-08-02T20:19:58.91Z'
System info: host: 'DESKTOP-9TSO38K', ip: '192.168.0.10', os.name: 'Windows 10', os.arch: 'amd64', os.version: '10.0', java.version: '17.0.2'
Driver info: driver.version: unknown
at org.openqa.selenium.support.ui.ExpectedConditions.lambda$findElement$0(ExpectedConditions.java:896)
at java.base/java.util.Optional.orElseThrow(Optional.java:403)
at org.openqa.selenium.support.ui.ExpectedConditions.findElement(ExpectedConditions.java:895)
at org.openqa.selenium.support.ui.ExpectedConditions.access$000(ExpectedConditions.java:44)
at org.openqa.selenium.support.ui.ExpectedConditions$7.apply(ExpectedConditions.java:206)
at org.openqa.selenium.support.ui.ExpectedConditions$7.apply(ExpectedConditions.java:202)
at org.openqa.selenium.support.ui.FluentWait.until(FluentWait.java:260)
... 28 more
]]>
            </full-stacktrace>
          </exception> <!-- org.openqa.selenium.TimeoutException -->
          <reporter-output>
          </reporter-output>
        </test-method> <!-- TC_06_Theatre_All_Theatre -->
        <test-method is-config="true" signature="afterClass()[pri:0, instance:com.gigsberg.regression.Testcase_Theatre_Regression@3e96bacf]" started-at="2022-10-17T10:37:27Z" name="afterClass" finished-at="2022-10-17T10:37:28Z" duration-ms="103" status="PASS">
          <reporter-output>
          </reporter-output>
        </test-method> <!-- afterClass -->
      </class> <!-- com.gigsberg.regression.Testcase_Theatre_Regression -->
    </test> <!-- Run on CHROME -->
  </suite> <!-- Gigsberg -->
</testng-results>
