<?xml version="1.0" encoding="UTF-8"?>
<testng-results ignored="0" total="4" passed="4" failed="0" skipped="0">
  <reporter-output>
  </reporter-output>
  <suite started-at="2022-10-17T12:48:22Z" name="Gigsberg" finished-at="2022-10-17T12:48:48Z" duration-ms="26581">
    <groups>
    </groups>
    <test started-at="2022-10-17T12:48:22Z" name="Run on CHROME" finished-at="2022-10-17T12:48:48Z" duration-ms="26581">
      <class name="com.gigsberg.regression.Testcase_Footer_Menu">
        <test-method is-config="true" signature="setup(java.lang.String, java.lang.String)[pri:0, instance:com.gigsberg.regression.Testcase_Footer_Menu@17a7f733]" started-at="2022-10-17T12:48:22Z" name="setup" finished-at="2022-10-17T12:48:28Z" duration-ms="6417" status="PASS">
          <params>
            <param index="0">
              <value>
                <![CDATA[h_chrome]]>
              </value>
            </param>
            <param index="1">
              <value>
                <![CDATA[https://gigsberg.com/]]>
              </value>
            </param>
          </params>
          <reporter-output>
          </reporter-output>
        </test-method> <!-- setup -->
        <test-method signature="TC_01_Footer_Menu_Help_Centre(java.lang.reflect.Method)[pri:0, instance:com.gigsberg.regression.Testcase_Footer_Menu@17a7f733]" started-at="2022-10-17T12:48:28Z" name="TC_01_Footer_Menu_Help_Centre" finished-at="2022-10-17T12:48:30Z" duration-ms="1363" status="PASS">
          <params>
            <param index="0">
              <value>
                <![CDATA[public void com.gigsberg.regression.Testcase_Footer_Menu.TC_01_Footer_Menu_Help_Centre(java.lang.reflect.Method)]]>
              </value>
            </param>
          </params>
          <reporter-output>
          </reporter-output>
        </test-method> <!-- TC_01_Footer_Menu_Help_Centre -->
        <test-method is-config="true" signature="afterClass()[pri:0, instance:com.gigsberg.regression.Testcase_Footer_Menu@17a7f733]" started-at="2022-10-17T12:48:30Z" name="afterClass" finished-at="2022-10-17T12:48:30Z" duration-ms="78" status="PASS">
          <reporter-output>
          </reporter-output>
        </test-method> <!-- afterClass -->
        <test-method is-config="true" signature="setup(java.lang.String, java.lang.String)[pri:0, instance:com.gigsberg.regression.Testcase_Footer_Menu@17a7f733]" started-at="2022-10-17T12:48:30Z" name="setup" finished-at="2022-10-17T12:48:33Z" duration-ms="3290" status="PASS">
          <params>
            <param index="0">
              <value>
                <![CDATA[h_chrome]]>
              </value>
            </param>
            <param index="1">
              <value>
                <![CDATA[https://gigsberg.com/]]>
              </value>
            </param>
          </params>
          <reporter-output>
          </reporter-output>
        </test-method> <!-- setup -->
        <test-method signature="TC_02_Footer_Menu_Terms_Conditions(java.lang.reflect.Method)[pri:0, instance:com.gigsberg.regression.Testcase_Footer_Menu@17a7f733]" started-at="2022-10-17T12:48:33Z" name="TC_02_Footer_Menu_Terms_Conditions" finished-at="2022-10-17T12:48:34Z" duration-ms="1314" status="PASS">
          <params>
            <param index="0">
              <value>
                <![CDATA[public void com.gigsberg.regression.Testcase_Footer_Menu.TC_02_Footer_Menu_Terms_Conditions(java.lang.reflect.Method)]]>
              </value>
            </param>
          </params>
          <reporter-output>
          </reporter-output>
        </test-method> <!-- TC_02_Footer_Menu_Terms_Conditions -->
        <test-method is-config="true" signature="afterClass()[pri:0, instance:com.gigsberg.regression.Testcase_Footer_Menu@17a7f733]" started-at="2022-10-17T12:48:34Z" name="afterClass" finished-at="2022-10-17T12:48:34Z" duration-ms="64" status="PASS">
          <reporter-output>
          </reporter-output>
        </test-method> <!-- afterClass -->
        <test-method is-config="true" signature="setup(java.lang.String, java.lang.String)[pri:0, instance:com.gigsberg.regression.Testcase_Footer_Menu@17a7f733]" started-at="2022-10-17T12:48:34Z" name="setup" finished-at="2022-10-17T12:48:38Z" duration-ms="3451" status="PASS">
          <params>
            <param index="0">
              <value>
                <![CDATA[h_chrome]]>
              </value>
            </param>
            <param index="1">
              <value>
                <![CDATA[https://gigsberg.com/]]>
              </value>
            </param>
          </params>
          <reporter-output>
          </reporter-output>
        </test-method> <!-- setup -->
        <test-method signature="TC_03_Footer_Menu_Contact_Us(java.lang.reflect.Method)[pri:0, instance:com.gigsberg.regression.Testcase_Footer_Menu@17a7f733]" started-at="2022-10-17T12:48:38Z" name="TC_03_Footer_Menu_Contact_Us" finished-at="2022-10-17T12:48:39Z" duration-ms="1297" status="PASS">
          <params>
            <param index="0">
              <value>
                <![CDATA[public void com.gigsberg.regression.Testcase_Footer_Menu.TC_03_Footer_Menu_Contact_Us(java.lang.reflect.Method)]]>
              </value>
            </param>
          </params>
          <reporter-output>
          </reporter-output>
        </test-method> <!-- TC_03_Footer_Menu_Contact_Us -->
        <test-method is-config="true" signature="afterClass()[pri:0, instance:com.gigsberg.regression.Testcase_Footer_Menu@17a7f733]" started-at="2022-10-17T12:48:39Z" name="afterClass" finished-at="2022-10-17T12:48:39Z" duration-ms="71" status="PASS">
          <reporter-output>
          </reporter-output>
        </test-method> <!-- afterClass -->
        <test-method is-config="true" signature="setup(java.lang.String, java.lang.String)[pri:0, instance:com.gigsberg.regression.Testcase_Footer_Menu@17a7f733]" started-at="2022-10-17T12:48:39Z" name="setup" finished-at="2022-10-17T12:48:46Z" duration-ms="6370" status="PASS">
          <params>
            <param index="0">
              <value>
                <![CDATA[h_chrome]]>
              </value>
            </param>
            <param index="1">
              <value>
                <![CDATA[https://gigsberg.com/]]>
              </value>
            </param>
          </params>
          <reporter-output>
          </reporter-output>
        </test-method> <!-- setup -->
        <test-method signature="TC_04_Footer_Menu_Privacy_Policy(java.lang.reflect.Method)[pri:0, instance:com.gigsberg.regression.Testcase_Footer_Menu@17a7f733]" started-at="2022-10-17T12:48:46Z" name="TC_04_Footer_Menu_Privacy_Policy" finished-at="2022-10-17T12:48:48Z" duration-ms="2804" status="PASS">
          <params>
            <param index="0">
              <value>
                <![CDATA[public void com.gigsberg.regression.Testcase_Footer_Menu.TC_04_Footer_Menu_Privacy_Policy(java.lang.reflect.Method)]]>
              </value>
            </param>
          </params>
          <reporter-output>
          </reporter-output>
        </test-method> <!-- TC_04_Footer_Menu_Privacy_Policy -->
        <test-method is-config="true" signature="afterClass()[pri:0, instance:com.gigsberg.regression.Testcase_Footer_Menu@17a7f733]" started-at="2022-10-17T12:48:48Z" name="afterClass" finished-at="2022-10-17T12:48:48Z" duration-ms="45" status="PASS">
          <reporter-output>
          </reporter-output>
        </test-method> <!-- afterClass -->
      </class> <!-- com.gigsberg.regression.Testcase_Footer_Menu -->
    </test> <!-- Run on CHROME -->
  </suite> <!-- Gigsberg -->
</testng-results>
