<?xml version="1.0" encoding="UTF-8"?>
<testng-results ignored="0" total="6" passed="6" failed="0" skipped="0">
  <reporter-output>
  </reporter-output>
  <suite started-at="2022-11-18T08:53:26Z" name="Gigsberg" finished-at="2022-11-18T08:54:05Z" duration-ms="38567">
    <groups>
    </groups>
    <test started-at="2022-11-18T08:53:26Z" name="Run on CHROME" finished-at="2022-11-18T08:54:05Z" duration-ms="38567">
      <class name="com.gigsberg.main.menu.Testcase_Theatre_Regression">
        <test-method is-config="true" signature="setup(java.lang.String, java.lang.String)[pri:0, instance:com.gigsberg.main.menu.Testcase_Theatre_Regression@6236eb5f]" started-at="2022-11-18T08:53:26Z" name="setup" finished-at="2022-11-18T08:53:31Z" duration-ms="4467" status="PASS">
          <params>
            <param index="0">
              <value>
                <![CDATA[h_chrome]]>
              </value>
            </param>
            <param index="1">
              <value>
                <![CDATA[https://stage.gigsberg.com]]>
              </value>
            </param>
          </params>
          <reporter-output>
          </reporter-output>
        </test-method> <!-- setup -->
        <test-method signature="TC_01_Theatre_Comedy(java.lang.reflect.Method)[pri:0, instance:com.gigsberg.main.menu.Testcase_Theatre_Regression@6236eb5f]" started-at="2022-11-18T08:53:31Z" name="TC_01_Theatre_Comedy" finished-at="2022-11-18T08:53:36Z" duration-ms="5331" status="PASS">
          <params>
            <param index="0">
              <value>
                <![CDATA[public void com.gigsberg.main.menu.Testcase_Theatre_Regression.TC_01_Theatre_Comedy(java.lang.reflect.Method)]]>
              </value>
            </param>
          </params>
          <reporter-output>
          </reporter-output>
        </test-method> <!-- TC_01_Theatre_Comedy -->
        <test-method is-config="true" signature="afterClass()[pri:0, instance:com.gigsberg.main.menu.Testcase_Theatre_Regression@6236eb5f]" started-at="2022-11-18T08:53:36Z" name="afterClass" finished-at="2022-11-18T08:53:36Z" duration-ms="60" status="PASS">
          <reporter-output>
          </reporter-output>
        </test-method> <!-- afterClass -->
        <test-method is-config="true" signature="setup(java.lang.String, java.lang.String)[pri:0, instance:com.gigsberg.main.menu.Testcase_Theatre_Regression@6236eb5f]" started-at="2022-11-18T08:53:36Z" name="setup" finished-at="2022-11-18T08:53:39Z" duration-ms="3090" status="PASS">
          <params>
            <param index="0">
              <value>
                <![CDATA[h_chrome]]>
              </value>
            </param>
            <param index="1">
              <value>
                <![CDATA[https://stage.gigsberg.com]]>
              </value>
            </param>
          </params>
          <reporter-output>
          </reporter-output>
        </test-method> <!-- setup -->
        <test-method signature="TC_02_Theatre_Ballet_Dance(java.lang.reflect.Method)[pri:0, instance:com.gigsberg.main.menu.Testcase_Theatre_Regression@6236eb5f]" started-at="2022-11-18T08:53:39Z" name="TC_02_Theatre_Ballet_Dance" finished-at="2022-11-18T08:53:42Z" duration-ms="2630" status="PASS">
          <params>
            <param index="0">
              <value>
                <![CDATA[public void com.gigsberg.main.menu.Testcase_Theatre_Regression.TC_02_Theatre_Ballet_Dance(java.lang.reflect.Method)]]>
              </value>
            </param>
          </params>
          <reporter-output>
          </reporter-output>
        </test-method> <!-- TC_02_Theatre_Ballet_Dance -->
        <test-method is-config="true" signature="afterClass()[pri:0, instance:com.gigsberg.main.menu.Testcase_Theatre_Regression@6236eb5f]" started-at="2022-11-18T08:53:42Z" name="afterClass" finished-at="2022-11-18T08:53:42Z" duration-ms="63" status="PASS">
          <reporter-output>
          </reporter-output>
        </test-method> <!-- afterClass -->
        <test-method is-config="true" signature="setup(java.lang.String, java.lang.String)[pri:0, instance:com.gigsberg.main.menu.Testcase_Theatre_Regression@6236eb5f]" started-at="2022-11-18T08:53:42Z" name="setup" finished-at="2022-11-18T08:53:45Z" duration-ms="3091" status="PASS">
          <params>
            <param index="0">
              <value>
                <![CDATA[h_chrome]]>
              </value>
            </param>
            <param index="1">
              <value>
                <![CDATA[https://stage.gigsberg.com]]>
              </value>
            </param>
          </params>
          <reporter-output>
          </reporter-output>
        </test-method> <!-- setup -->
        <test-method signature="TC_03_Theatre_Classical(java.lang.reflect.Method)[pri:0, instance:com.gigsberg.main.menu.Testcase_Theatre_Regression@6236eb5f]" started-at="2022-11-18T08:53:45Z" name="TC_03_Theatre_Classical" finished-at="2022-11-18T08:53:48Z" duration-ms="2646" status="PASS">
          <params>
            <param index="0">
              <value>
                <![CDATA[public void com.gigsberg.main.menu.Testcase_Theatre_Regression.TC_03_Theatre_Classical(java.lang.reflect.Method)]]>
              </value>
            </param>
          </params>
          <reporter-output>
          </reporter-output>
        </test-method> <!-- TC_03_Theatre_Classical -->
        <test-method is-config="true" signature="afterClass()[pri:0, instance:com.gigsberg.main.menu.Testcase_Theatre_Regression@6236eb5f]" started-at="2022-11-18T08:53:48Z" name="afterClass" finished-at="2022-11-18T08:53:48Z" duration-ms="61" status="PASS">
          <reporter-output>
          </reporter-output>
        </test-method> <!-- afterClass -->
        <test-method is-config="true" signature="setup(java.lang.String, java.lang.String)[pri:0, instance:com.gigsberg.main.menu.Testcase_Theatre_Regression@6236eb5f]" started-at="2022-11-18T08:53:48Z" name="setup" finished-at="2022-11-18T08:53:51Z" duration-ms="2916" status="PASS">
          <params>
            <param index="0">
              <value>
                <![CDATA[h_chrome]]>
              </value>
            </param>
            <param index="1">
              <value>
                <![CDATA[https://stage.gigsberg.com]]>
              </value>
            </param>
          </params>
          <reporter-output>
          </reporter-output>
        </test-method> <!-- setup -->
        <test-method signature="TC_04_Theatre_Shows(java.lang.reflect.Method)[pri:0, instance:com.gigsberg.main.menu.Testcase_Theatre_Regression@6236eb5f]" started-at="2022-11-18T08:53:51Z" name="TC_04_Theatre_Shows" finished-at="2022-11-18T08:53:53Z" duration-ms="2669" status="PASS">
          <params>
            <param index="0">
              <value>
                <![CDATA[public void com.gigsberg.main.menu.Testcase_Theatre_Regression.TC_04_Theatre_Shows(java.lang.reflect.Method)]]>
              </value>
            </param>
          </params>
          <reporter-output>
          </reporter-output>
        </test-method> <!-- TC_04_Theatre_Shows -->
        <test-method is-config="true" signature="afterClass()[pri:0, instance:com.gigsberg.main.menu.Testcase_Theatre_Regression@6236eb5f]" started-at="2022-11-18T08:53:53Z" name="afterClass" finished-at="2022-11-18T08:53:54Z" duration-ms="73" status="PASS">
          <reporter-output>
          </reporter-output>
        </test-method> <!-- afterClass -->
        <test-method is-config="true" signature="setup(java.lang.String, java.lang.String)[pri:0, instance:com.gigsberg.main.menu.Testcase_Theatre_Regression@6236eb5f]" started-at="2022-11-18T08:53:54Z" name="setup" finished-at="2022-11-18T08:53:57Z" duration-ms="3065" status="PASS">
          <params>
            <param index="0">
              <value>
                <![CDATA[h_chrome]]>
              </value>
            </param>
            <param index="1">
              <value>
                <![CDATA[https://stage.gigsberg.com]]>
              </value>
            </param>
          </params>
          <reporter-output>
          </reporter-output>
        </test-method> <!-- setup -->
        <test-method signature="TC_05_Theatre_Conferences_Speaking_Tour(java.lang.reflect.Method)[pri:0, instance:com.gigsberg.main.menu.Testcase_Theatre_Regression@6236eb5f]" started-at="2022-11-18T08:53:57Z" name="TC_05_Theatre_Conferences_Speaking_Tour" finished-at="2022-11-18T08:54:00Z" duration-ms="2990" status="PASS">
          <params>
            <param index="0">
              <value>
                <![CDATA[public void com.gigsberg.main.menu.Testcase_Theatre_Regression.TC_05_Theatre_Conferences_Speaking_Tour(java.lang.reflect.Method)]]>
              </value>
            </param>
          </params>
          <reporter-output>
          </reporter-output>
        </test-method> <!-- TC_05_Theatre_Conferences_Speaking_Tour -->
        <test-method is-config="true" signature="afterClass()[pri:0, instance:com.gigsberg.main.menu.Testcase_Theatre_Regression@6236eb5f]" started-at="2022-11-18T08:54:00Z" name="afterClass" finished-at="2022-11-18T08:54:00Z" duration-ms="61" status="PASS">
          <reporter-output>
          </reporter-output>
        </test-method> <!-- afterClass -->
        <test-method is-config="true" signature="setup(java.lang.String, java.lang.String)[pri:0, instance:com.gigsberg.main.menu.Testcase_Theatre_Regression@6236eb5f]" started-at="2022-11-18T08:54:00Z" name="setup" finished-at="2022-11-18T08:54:02Z" duration-ms="2659" status="PASS">
          <params>
            <param index="0">
              <value>
                <![CDATA[h_chrome]]>
              </value>
            </param>
            <param index="1">
              <value>
                <![CDATA[https://stage.gigsberg.com]]>
              </value>
            </param>
          </params>
          <reporter-output>
          </reporter-output>
        </test-method> <!-- setup -->
        <test-method signature="TC_06_Theatre_All_Theatre(java.lang.reflect.Method)[pri:0, instance:com.gigsberg.main.menu.Testcase_Theatre_Regression@6236eb5f]" started-at="2022-11-18T08:54:02Z" name="TC_06_Theatre_All_Theatre" finished-at="2022-11-18T08:54:05Z" duration-ms="2613" status="PASS">
          <params>
            <param index="0">
              <value>
                <![CDATA[public void com.gigsberg.main.menu.Testcase_Theatre_Regression.TC_06_Theatre_All_Theatre(java.lang.reflect.Method)]]>
              </value>
            </param>
          </params>
          <reporter-output>
          </reporter-output>
        </test-method> <!-- TC_06_Theatre_All_Theatre -->
        <test-method is-config="true" signature="afterClass()[pri:0, instance:com.gigsberg.main.menu.Testcase_Theatre_Regression@6236eb5f]" started-at="2022-11-18T08:54:05Z" name="afterClass" finished-at="2022-11-18T08:54:05Z" duration-ms="65" status="PASS">
          <reporter-output>
          </reporter-output>
        </test-method> <!-- afterClass -->
      </class> <!-- com.gigsberg.main.menu.Testcase_Theatre_Regression -->
    </test> <!-- Run on CHROME -->
  </suite> <!-- Gigsberg -->
</testng-results>
