<?xml version="1.0" encoding="UTF-8"?>
<testng-results ignored="0" total="9" passed="7" failed="2" skipped="0">
  <reporter-output>
  </reporter-output>
  <suite started-at="2022-10-20T05:56:00Z" name="Gigsberg" finished-at="2022-10-20T05:57:03Z" duration-ms="63546">
    <groups>
    </groups>
    <test started-at="2022-10-20T05:56:00Z" name="Run on CHROME" finished-at="2022-10-20T05:57:03Z" duration-ms="63546">
      <class name="com.gigsberg.regression.Testcase_Concerts_Regression">
        <test-method is-config="true" signature="setup(java.lang.String, java.lang.String)[pri:0, instance:com.gigsberg.regression.Testcase_Concerts_Regression@672872e1]" started-at="2022-10-20T05:56:00Z" name="setup" finished-at="2022-10-20T05:56:03Z" duration-ms="3482" status="PASS">
          <params>
            <param index="0">
              <value>
                <![CDATA[chrome]]>
              </value>
            </param>
            <param index="1">
              <value>
                <![CDATA[https://stage.gigsberg.com/]]>
              </value>
            </param>
          </params>
          <reporter-output>
          </reporter-output>
        </test-method> <!-- setup -->
        <test-method signature="TC_01_Concerts_Rock(java.lang.reflect.Method)[pri:0, instance:com.gigsberg.regression.Testcase_Concerts_Regression@672872e1]" started-at="2022-10-20T05:56:03Z" name="TC_01_Concerts_Rock" finished-at="2022-10-20T05:56:07Z" duration-ms="4025" status="PASS">
          <params>
            <param index="0">
              <value>
                <![CDATA[public void com.gigsberg.regression.Testcase_Concerts_Regression.TC_01_Concerts_Rock(java.lang.reflect.Method)]]>
              </value>
            </param>
          </params>
          <reporter-output>
          </reporter-output>
        </test-method> <!-- TC_01_Concerts_Rock -->
        <test-method is-config="true" signature="afterClass()[pri:0, instance:com.gigsberg.regression.Testcase_Concerts_Regression@672872e1]" started-at="2022-10-20T05:56:07Z" name="afterClass" finished-at="2022-10-20T05:56:08Z" duration-ms="104" status="PASS">
          <reporter-output>
          </reporter-output>
        </test-method> <!-- afterClass -->
        <test-method is-config="true" signature="setup(java.lang.String, java.lang.String)[pri:0, instance:com.gigsberg.regression.Testcase_Concerts_Regression@672872e1]" started-at="2022-10-20T05:56:08Z" name="setup" finished-at="2022-10-20T05:56:11Z" duration-ms="3055" status="PASS">
          <params>
            <param index="0">
              <value>
                <![CDATA[chrome]]>
              </value>
            </param>
            <param index="1">
              <value>
                <![CDATA[https://stage.gigsberg.com/]]>
              </value>
            </param>
          </params>
          <reporter-output>
          </reporter-output>
        </test-method> <!-- setup -->
        <test-method signature="TC_02_Concerts_Pop(java.lang.reflect.Method)[pri:0, instance:com.gigsberg.regression.Testcase_Concerts_Regression@672872e1]" started-at="2022-10-20T05:56:11Z" name="TC_02_Concerts_Pop" finished-at="2022-10-20T05:56:13Z" duration-ms="2182" status="PASS">
          <params>
            <param index="0">
              <value>
                <![CDATA[public void com.gigsberg.regression.Testcase_Concerts_Regression.TC_02_Concerts_Pop(java.lang.reflect.Method)]]>
              </value>
            </param>
          </params>
          <reporter-output>
          </reporter-output>
        </test-method> <!-- TC_02_Concerts_Pop -->
        <test-method is-config="true" signature="afterClass()[pri:0, instance:com.gigsberg.regression.Testcase_Concerts_Regression@672872e1]" started-at="2022-10-20T05:56:13Z" name="afterClass" finished-at="2022-10-20T05:56:13Z" duration-ms="83" status="PASS">
          <reporter-output>
          </reporter-output>
        </test-method> <!-- afterClass -->
        <test-method is-config="true" signature="setup(java.lang.String, java.lang.String)[pri:0, instance:com.gigsberg.regression.Testcase_Concerts_Regression@672872e1]" started-at="2022-10-20T05:56:13Z" name="setup" finished-at="2022-10-20T05:56:16Z" duration-ms="3214" status="PASS">
          <params>
            <param index="0">
              <value>
                <![CDATA[chrome]]>
              </value>
            </param>
            <param index="1">
              <value>
                <![CDATA[https://stage.gigsberg.com/]]>
              </value>
            </param>
          </params>
          <reporter-output>
          </reporter-output>
        </test-method> <!-- setup -->
        <test-method signature="TC_03_Concerts_R_and_B(java.lang.reflect.Method)[pri:0, instance:com.gigsberg.regression.Testcase_Concerts_Regression@672872e1]" started-at="2022-10-20T05:56:16Z" name="TC_03_Concerts_R_and_B" finished-at="2022-10-20T05:56:24Z" duration-ms="7676" status="FAIL">
          <params>
            <param index="0">
              <value>
                <![CDATA[public void com.gigsberg.regression.Testcase_Concerts_Regression.TC_03_Concerts_R_and_B(java.lang.reflect.Method)]]>
              </value>
            </param>
          </params>
          <exception class="org.openqa.selenium.TimeoutException">
            <message>
              <![CDATA[Expected condition failed: waiting for visibility of element located by By.xpath: //h1[@class='concert_sub_title' and text()='R&B Tickets'] (tried for 5 second(s) with 500 milliseconds interval)]]>
            </message>
            <full-stacktrace>
              <![CDATA[org.openqa.selenium.TimeoutException: Expected condition failed: waiting for visibility of element located by By.xpath: //h1[@class='concert_sub_title' and text()='R&B Tickets'] (tried for 5 second(s) with 500 milliseconds interval)
at org.openqa.selenium.support.ui.WebDriverWait.timeoutException(WebDriverWait.java:113)
at org.openqa.selenium.support.ui.FluentWait.until(FluentWait.java:283)
at commons.BasePage.waitForElementVisible(BasePage.java:403)
at pageObjects.HomePageObject.getConcertSubTitle(HomePageObject.java:27)
at com.gigsberg.regression.Testcase_Concerts_Regression.TC_03_Concerts_R_and_B(Testcase_Concerts_Regression.java:72)
at java.base/jdk.internal.reflect.NativeMethodAccessorImpl.invoke0(Native Method)
at java.base/jdk.internal.reflect.NativeMethodAccessorImpl.invoke(NativeMethodAccessorImpl.java:77)
at java.base/jdk.internal.reflect.DelegatingMethodAccessorImpl.invoke(DelegatingMethodAccessorImpl.java:43)
at java.base/java.lang.reflect.Method.invoke(Method.java:568)
at org.testng.internal.MethodInvocationHelper.invokeMethod(MethodInvocationHelper.java:124)
at org.testng.internal.Invoker.invokeMethod(Invoker.java:583)
at org.testng.internal.Invoker.invokeTestMethod(Invoker.java:719)
at org.testng.internal.Invoker.invokeTestMethods(Invoker.java:989)
at org.testng.internal.TestMethodWorker.invokeTestMethods(TestMethodWorker.java:125)
at org.testng.internal.TestMethodWorker.run(TestMethodWorker.java:109)
at org.testng.TestRunner.privateRun(TestRunner.java:648)
at org.testng.TestRunner.run(TestRunner.java:505)
at org.testng.SuiteRunner.runTest(SuiteRunner.java:455)
at org.testng.SuiteRunner.runSequentially(SuiteRunner.java:450)
at org.testng.SuiteRunner.privateRun(SuiteRunner.java:415)
at org.testng.SuiteRunner.run(SuiteRunner.java:364)
at org.testng.SuiteRunnerWorker.runSuite(SuiteRunnerWorker.java:52)
at org.testng.SuiteRunnerWorker.run(SuiteRunnerWorker.java:84)
at org.testng.TestNG.runSuitesSequentially(TestNG.java:1208)
at org.testng.TestNG.runSuitesLocally(TestNG.java:1137)
at org.testng.TestNG.runSuites(TestNG.java:1049)
at org.testng.TestNG.run(TestNG.java:1017)
at org.testng.remote.AbstractRemoteTestNG.run(AbstractRemoteTestNG.java:115)
at org.testng.remote.RemoteTestNG.initAndRun(RemoteTestNG.java:251)
at org.testng.remote.RemoteTestNG.main(RemoteTestNG.java:77)
Caused by: org.openqa.selenium.NoSuchElementException: Cannot locate an element using By.xpath: //h1[@class='concert_sub_title' and text()='R&B Tickets']
For documentation on this error, please visit: http://seleniumhq.org/exceptions/no_such_element.html
Build info: version: '3.14.0', revision: 'aacccce0', time: '2018-08-02T20:19:58.91Z'
System info: host: 'DESKTOP-9TSO38K', ip: '192.168.0.27', os.name: 'Windows 10', os.arch: 'amd64', os.version: '10.0', java.version: '17.0.2'
Driver info: driver.version: unknown
at org.openqa.selenium.support.ui.ExpectedConditions.lambda$findElement$0(ExpectedConditions.java:896)
at java.base/java.util.Optional.orElseThrow(Optional.java:403)
at org.openqa.selenium.support.ui.ExpectedConditions.findElement(ExpectedConditions.java:895)
at org.openqa.selenium.support.ui.ExpectedConditions.access$000(ExpectedConditions.java:44)
at org.openqa.selenium.support.ui.ExpectedConditions$7.apply(ExpectedConditions.java:206)
at org.openqa.selenium.support.ui.ExpectedConditions$7.apply(ExpectedConditions.java:202)
at org.openqa.selenium.support.ui.FluentWait.until(FluentWait.java:260)
... 28 more
]]>
            </full-stacktrace>
          </exception> <!-- org.openqa.selenium.TimeoutException -->
          <reporter-output>
          </reporter-output>
        </test-method> <!-- TC_03_Concerts_R_and_B -->
        <test-method is-config="true" signature="afterClass()[pri:0, instance:com.gigsberg.regression.Testcase_Concerts_Regression@672872e1]" started-at="2022-10-20T05:56:24Z" name="afterClass" finished-at="2022-10-20T05:56:24Z" duration-ms="72" status="PASS">
          <reporter-output>
          </reporter-output>
        </test-method> <!-- afterClass -->
        <test-method is-config="true" signature="setup(java.lang.String, java.lang.String)[pri:0, instance:com.gigsberg.regression.Testcase_Concerts_Regression@672872e1]" started-at="2022-10-20T05:56:24Z" name="setup" finished-at="2022-10-20T05:56:27Z" duration-ms="3030" status="PASS">
          <params>
            <param index="0">
              <value>
                <![CDATA[chrome]]>
              </value>
            </param>
            <param index="1">
              <value>
                <![CDATA[https://stage.gigsberg.com/]]>
              </value>
            </param>
          </params>
          <reporter-output>
          </reporter-output>
        </test-method> <!-- setup -->
        <test-method signature="TC_04_Concerts_HardRockMetal(java.lang.reflect.Method)[pri:0, instance:com.gigsberg.regression.Testcase_Concerts_Regression@672872e1]" started-at="2022-10-20T05:56:27Z" name="TC_04_Concerts_HardRockMetal" finished-at="2022-10-20T05:56:31Z" duration-ms="4051" status="PASS">
          <params>
            <param index="0">
              <value>
                <![CDATA[public void com.gigsberg.regression.Testcase_Concerts_Regression.TC_04_Concerts_HardRockMetal(java.lang.reflect.Method)]]>
              </value>
            </param>
          </params>
          <reporter-output>
          </reporter-output>
        </test-method> <!-- TC_04_Concerts_HardRockMetal -->
        <test-method is-config="true" signature="afterClass()[pri:0, instance:com.gigsberg.regression.Testcase_Concerts_Regression@672872e1]" started-at="2022-10-20T05:56:31Z" name="afterClass" finished-at="2022-10-20T05:56:31Z" duration-ms="92" status="PASS">
          <reporter-output>
          </reporter-output>
        </test-method> <!-- afterClass -->
        <test-method is-config="true" signature="setup(java.lang.String, java.lang.String)[pri:0, instance:com.gigsberg.regression.Testcase_Concerts_Regression@672872e1]" started-at="2022-10-20T05:56:31Z" name="setup" finished-at="2022-10-20T05:56:34Z" duration-ms="3086" status="PASS">
          <params>
            <param index="0">
              <value>
                <![CDATA[chrome]]>
              </value>
            </param>
            <param index="1">
              <value>
                <![CDATA[https://stage.gigsberg.com/]]>
              </value>
            </param>
          </params>
          <reporter-output>
          </reporter-output>
        </test-method> <!-- setup -->
        <test-method signature="TC_05_Concerts_Rap(java.lang.reflect.Method)[pri:0, instance:com.gigsberg.regression.Testcase_Concerts_Regression@672872e1]" started-at="2022-10-20T05:56:34Z" name="TC_05_Concerts_Rap" finished-at="2022-10-20T05:56:37Z" duration-ms="2143" status="PASS">
          <params>
            <param index="0">
              <value>
                <![CDATA[public void com.gigsberg.regression.Testcase_Concerts_Regression.TC_05_Concerts_Rap(java.lang.reflect.Method)]]>
              </value>
            </param>
          </params>
          <reporter-output>
          </reporter-output>
        </test-method> <!-- TC_05_Concerts_Rap -->
        <test-method is-config="true" signature="afterClass()[pri:0, instance:com.gigsberg.regression.Testcase_Concerts_Regression@672872e1]" started-at="2022-10-20T05:56:37Z" name="afterClass" finished-at="2022-10-20T05:56:37Z" duration-ms="93" status="PASS">
          <reporter-output>
          </reporter-output>
        </test-method> <!-- afterClass -->
        <test-method is-config="true" signature="setup(java.lang.String, java.lang.String)[pri:0, instance:com.gigsberg.regression.Testcase_Concerts_Regression@672872e1]" started-at="2022-10-20T05:56:37Z" name="setup" finished-at="2022-10-20T05:56:40Z" duration-ms="3020" status="PASS">
          <params>
            <param index="0">
              <value>
                <![CDATA[chrome]]>
              </value>
            </param>
            <param index="1">
              <value>
                <![CDATA[https://stage.gigsberg.com/]]>
              </value>
            </param>
          </params>
          <reporter-output>
          </reporter-output>
        </test-method> <!-- setup -->
        <test-method signature="TC_06_Concerts_HipHopReggae(java.lang.reflect.Method)[pri:0, instance:com.gigsberg.regression.Testcase_Concerts_Regression@672872e1]" started-at="2022-10-20T05:56:40Z" name="TC_06_Concerts_HipHopReggae" finished-at="2022-10-20T05:56:42Z" duration-ms="2471" status="PASS">
          <params>
            <param index="0">
              <value>
                <![CDATA[public void com.gigsberg.regression.Testcase_Concerts_Regression.TC_06_Concerts_HipHopReggae(java.lang.reflect.Method)]]>
              </value>
            </param>
          </params>
          <reporter-output>
          </reporter-output>
        </test-method> <!-- TC_06_Concerts_HipHopReggae -->
        <test-method is-config="true" signature="afterClass()[pri:0, instance:com.gigsberg.regression.Testcase_Concerts_Regression@672872e1]" started-at="2022-10-20T05:56:42Z" name="afterClass" finished-at="2022-10-20T05:56:42Z" duration-ms="115" status="PASS">
          <reporter-output>
          </reporter-output>
        </test-method> <!-- afterClass -->
        <test-method is-config="true" signature="setup(java.lang.String, java.lang.String)[pri:0, instance:com.gigsberg.regression.Testcase_Concerts_Regression@672872e1]" started-at="2022-10-20T05:56:42Z" name="setup" finished-at="2022-10-20T05:56:46Z" duration-ms="3398" status="PASS">
          <params>
            <param index="0">
              <value>
                <![CDATA[chrome]]>
              </value>
            </param>
            <param index="1">
              <value>
                <![CDATA[https://stage.gigsberg.com/]]>
              </value>
            </param>
          </params>
          <reporter-output>
          </reporter-output>
        </test-method> <!-- setup -->
        <test-method signature="TC_07_Concerts_Alternative_Indie(java.lang.reflect.Method)[pri:0, instance:com.gigsberg.regression.Testcase_Concerts_Regression@672872e1]" started-at="2022-10-20T05:56:46Z" name="TC_07_Concerts_Alternative_Indie" finished-at="2022-10-20T05:56:51Z" duration-ms="5375" status="FAIL">
          <params>
            <param index="0">
              <value>
                <![CDATA[public void com.gigsberg.regression.Testcase_Concerts_Regression.TC_07_Concerts_Alternative_Indie(java.lang.reflect.Method)]]>
              </value>
            </param>
          </params>
          <exception class="org.openqa.selenium.TimeoutException">
            <message>
              <![CDATA[Expected condition failed: waiting for visibility of element located by By.xpath: //a[@class='header_subcategory ' and text()='Alternative & Indie'] (tried for 5 second(s) with 500 milliseconds interval)
Build info: version: '3.14.0', revision: 'aacccce0', time: '2018-08-02T20:19:58.91Z'
System info: host: 'DESKTOP-9TSO38K', ip: '192.168.0.27', os.name: 'Windows 10', os.arch: 'amd64', os.version: '10.0', java.version: '17.0.2'
Driver info: org.openqa.selenium.chrome.ChromeDriver
Capabilities {acceptInsecureCerts: false, browserName: chrome, browserVersion: 106.0.5249.119, chrome: {chromedriverVersion: 106.0.5249.61 (511755355844..., userDataDir: C:\Users\ADMIN\AppData\Loca...}, goog:chromeOptions: {debuggerAddress: localhost:63994}, javascriptEnabled: true, networkConnectionEnabled: false, pageLoadStrategy: normal, platform: WINDOWS, platformName: WINDOWS, proxy: Proxy(), setWindowRect: true, strictFileInteractability: false, timeouts: {implicit: 0, pageLoad: 300000, script: 30000}, unhandledPromptBehavior: dismiss and notify, webauthn:extension:credBlob: true, webauthn:extension:largeBlob: true, webauthn:virtualAuthenticators: true}
Session ID: 5de4738da4f261bf0e067a3fe59c2ee3]]>
            </message>
            <full-stacktrace>
              <![CDATA[org.openqa.selenium.TimeoutException: Expected condition failed: waiting for visibility of element located by By.xpath: //a[@class='header_subcategory ' and text()='Alternative & Indie'] (tried for 5 second(s) with 500 milliseconds interval)
Build info: version: '3.14.0', revision: 'aacccce0', time: '2018-08-02T20:19:58.91Z'
System info: host: 'DESKTOP-9TSO38K', ip: '192.168.0.27', os.name: 'Windows 10', os.arch: 'amd64', os.version: '10.0', java.version: '17.0.2'
Driver info: org.openqa.selenium.chrome.ChromeDriver
Capabilities {acceptInsecureCerts: false, browserName: chrome, browserVersion: 106.0.5249.119, chrome: {chromedriverVersion: 106.0.5249.61 (511755355844..., userDataDir: C:\Users\ADMIN\AppData\Loca...}, goog:chromeOptions: {debuggerAddress: localhost:63994}, javascriptEnabled: true, networkConnectionEnabled: false, pageLoadStrategy: normal, platform: WINDOWS, platformName: WINDOWS, proxy: Proxy(), setWindowRect: true, strictFileInteractability: false, timeouts: {implicit: 0, pageLoad: 300000, script: 30000}, unhandledPromptBehavior: dismiss and notify, webauthn:extension:credBlob: true, webauthn:extension:largeBlob: true, webauthn:virtualAuthenticators: true}
Session ID: 5de4738da4f261bf0e067a3fe59c2ee3
at org.openqa.selenium.support.ui.WebDriverWait.timeoutException(WebDriverWait.java:113)
at org.openqa.selenium.support.ui.FluentWait.until(FluentWait.java:283)
at commons.BasePage.waitForElementVisible(BasePage.java:403)
at pageObjects.HomePageObject.clickToSubCategory(HomePageObject.java:22)
at com.gigsberg.regression.Testcase_Concerts_Regression.TC_07_Concerts_Alternative_Indie(Testcase_Concerts_Regression.java:128)
at java.base/jdk.internal.reflect.NativeMethodAccessorImpl.invoke0(Native Method)
at java.base/jdk.internal.reflect.NativeMethodAccessorImpl.invoke(NativeMethodAccessorImpl.java:77)
at java.base/jdk.internal.reflect.DelegatingMethodAccessorImpl.invoke(DelegatingMethodAccessorImpl.java:43)
at java.base/java.lang.reflect.Method.invoke(Method.java:568)
at org.testng.internal.MethodInvocationHelper.invokeMethod(MethodInvocationHelper.java:124)
at org.testng.internal.Invoker.invokeMethod(Invoker.java:583)
at org.testng.internal.Invoker.invokeTestMethod(Invoker.java:719)
at org.testng.internal.Invoker.invokeTestMethods(Invoker.java:989)
at org.testng.internal.TestMethodWorker.invokeTestMethods(TestMethodWorker.java:125)
at org.testng.internal.TestMethodWorker.run(TestMethodWorker.java:109)
at org.testng.TestRunner.privateRun(TestRunner.java:648)
at org.testng.TestRunner.run(TestRunner.java:505)
at org.testng.SuiteRunner.runTest(SuiteRunner.java:455)
at org.testng.SuiteRunner.runSequentially(SuiteRunner.java:450)
at org.testng.SuiteRunner.privateRun(SuiteRunner.java:415)
at org.testng.SuiteRunner.run(SuiteRunner.java:364)
at org.testng.SuiteRunnerWorker.runSuite(SuiteRunnerWorker.java:52)
at org.testng.SuiteRunnerWorker.run(SuiteRunnerWorker.java:84)
at org.testng.TestNG.runSuitesSequentially(TestNG.java:1208)
at org.testng.TestNG.runSuitesLocally(TestNG.java:1137)
at org.testng.TestNG.runSuites(TestNG.java:1049)
at org.testng.TestNG.run(TestNG.java:1017)
at org.testng.remote.AbstractRemoteTestNG.run(AbstractRemoteTestNG.java:115)
at org.testng.remote.RemoteTestNG.initAndRun(RemoteTestNG.java:251)
at org.testng.remote.RemoteTestNG.main(RemoteTestNG.java:77)
]]>
            </full-stacktrace>
          </exception> <!-- org.openqa.selenium.TimeoutException -->
          <reporter-output>
          </reporter-output>
        </test-method> <!-- TC_07_Concerts_Alternative_Indie -->
        <test-method is-config="true" signature="afterClass()[pri:0, instance:com.gigsberg.regression.Testcase_Concerts_Regression@672872e1]" started-at="2022-10-20T05:56:51Z" name="afterClass" finished-at="2022-10-20T05:56:51Z" duration-ms="77" status="PASS">
          <reporter-output>
          </reporter-output>
        </test-method> <!-- afterClass -->
        <test-method is-config="true" signature="setup(java.lang.String, java.lang.String)[pri:0, instance:com.gigsberg.regression.Testcase_Concerts_Regression@672872e1]" started-at="2022-10-20T05:56:51Z" name="setup" finished-at="2022-10-20T05:56:54Z" duration-ms="3170" status="PASS">
          <params>
            <param index="0">
              <value>
                <![CDATA[chrome]]>
              </value>
            </param>
            <param index="1">
              <value>
                <![CDATA[https://stage.gigsberg.com/]]>
              </value>
            </param>
          </params>
          <reporter-output>
          </reporter-output>
        </test-method> <!-- setup -->
        <test-method signature="TC_08_Concerts_All_Concerts(java.lang.reflect.Method)[pri:0, instance:com.gigsberg.regression.Testcase_Concerts_Regression@672872e1]" started-at="2022-10-20T05:56:54Z" name="TC_08_Concerts_All_Concerts" finished-at="2022-10-20T05:56:57Z" duration-ms="3024" status="PASS">
          <params>
            <param index="0">
              <value>
                <![CDATA[public void com.gigsberg.regression.Testcase_Concerts_Regression.TC_08_Concerts_All_Concerts(java.lang.reflect.Method)]]>
              </value>
            </param>
          </params>
          <reporter-output>
          </reporter-output>
        </test-method> <!-- TC_08_Concerts_All_Concerts -->
        <test-method is-config="true" signature="afterClass()[pri:0, instance:com.gigsberg.regression.Testcase_Concerts_Regression@672872e1]" started-at="2022-10-20T05:56:57Z" name="afterClass" finished-at="2022-10-20T05:56:58Z" duration-ms="74" status="PASS">
          <reporter-output>
          </reporter-output>
        </test-method> <!-- afterClass -->
        <test-method is-config="true" signature="setup(java.lang.String, java.lang.String)[pri:0, instance:com.gigsberg.regression.Testcase_Concerts_Regression@672872e1]" started-at="2022-10-20T05:56:58Z" name="setup" finished-at="2022-10-20T05:57:01Z" duration-ms="3082" status="PASS">
          <params>
            <param index="0">
              <value>
                <![CDATA[chrome]]>
              </value>
            </param>
            <param index="1">
              <value>
                <![CDATA[https://stage.gigsberg.com/]]>
              </value>
            </param>
          </params>
          <reporter-output>
          </reporter-output>
        </test-method> <!-- setup -->
        <test-method signature="TC_09_Concerts_Rock_And_Pop(java.lang.reflect.Method)[pri:0, instance:com.gigsberg.regression.Testcase_Concerts_Regression@672872e1]" started-at="2022-10-20T05:57:01Z" name="TC_09_Concerts_Rock_And_Pop" finished-at="2022-10-20T05:57:03Z" duration-ms="2771" status="PASS">
          <params>
            <param index="0">
              <value>
                <![CDATA[public void com.gigsberg.regression.Testcase_Concerts_Regression.TC_09_Concerts_Rock_And_Pop(java.lang.reflect.Method)]]>
              </value>
            </param>
          </params>
          <reporter-output>
          </reporter-output>
        </test-method> <!-- TC_09_Concerts_Rock_And_Pop -->
        <test-method is-config="true" signature="afterClass()[pri:0, instance:com.gigsberg.regression.Testcase_Concerts_Regression@672872e1]" started-at="2022-10-20T05:57:03Z" name="afterClass" finished-at="2022-10-20T05:57:03Z" duration-ms="94" status="PASS">
          <reporter-output>
          </reporter-output>
        </test-method> <!-- afterClass -->
      </class> <!-- com.gigsberg.regression.Testcase_Concerts_Regression -->
    </test> <!-- Run on CHROME -->
  </suite> <!-- Gigsberg -->
</testng-results>
