<?xml version="1.0" encoding="UTF-8"?>
<testng-results ignored="0" total="8" passed="6" failed="2" skipped="0">
  <reporter-output>
  </reporter-output>
  <suite started-at="2022-10-17T08:52:52Z" name="Gigsberg" finished-at="2022-10-17T08:53:55Z" duration-ms="63640">
    <groups>
    </groups>
    <test started-at="2022-10-17T08:52:52Z" name="Run on CHROME" finished-at="2022-10-17T08:53:55Z" duration-ms="63640">
      <class name="com.gigsberg.regression.TC_Concerts_Regression">
        <test-method is-config="true" signature="setup(java.lang.String, java.lang.String)[pri:0, instance:com.gigsberg.regression.TC_Concerts_Regression@7c1e2a9e]" started-at="2022-10-17T08:52:52Z" name="setup" finished-at="2022-10-17T08:52:56Z" duration-ms="4370" status="PASS">
          <params>
            <param index="0">
              <value>
                <![CDATA[chrome]]>
              </value>
            </param>
            <param index="1">
              <value>
                <![CDATA[https://gigsberg.com/]]>
              </value>
            </param>
          </params>
          <reporter-output>
          </reporter-output>
        </test-method> <!-- setup -->
        <test-method signature="TC_01_Concerts_Rock(java.lang.reflect.Method)[pri:0, instance:com.gigsberg.regression.TC_Concerts_Regression@7c1e2a9e]" started-at="2022-10-17T08:52:56Z" name="TC_01_Concerts_Rock" finished-at="2022-10-17T08:52:59Z" duration-ms="2725" status="PASS">
          <params>
            <param index="0">
              <value>
                <![CDATA[public void com.gigsberg.regression.TC_Concerts_Regression.TC_01_Concerts_Rock(java.lang.reflect.Method)]]>
              </value>
            </param>
          </params>
          <reporter-output>
          </reporter-output>
        </test-method> <!-- TC_01_Concerts_Rock -->
        <test-method is-config="true" signature="afterClass()[pri:0, instance:com.gigsberg.regression.TC_Concerts_Regression@7c1e2a9e]" started-at="2022-10-17T08:52:59Z" name="afterClass" finished-at="2022-10-17T08:52:59Z" duration-ms="92" status="PASS">
          <reporter-output>
          </reporter-output>
        </test-method> <!-- afterClass -->
        <test-method is-config="true" signature="setup(java.lang.String, java.lang.String)[pri:0, instance:com.gigsberg.regression.TC_Concerts_Regression@7c1e2a9e]" started-at="2022-10-17T08:52:59Z" name="setup" finished-at="2022-10-17T08:53:02Z" duration-ms="3361" status="PASS">
          <params>
            <param index="0">
              <value>
                <![CDATA[chrome]]>
              </value>
            </param>
            <param index="1">
              <value>
                <![CDATA[https://gigsberg.com/]]>
              </value>
            </param>
          </params>
          <reporter-output>
          </reporter-output>
        </test-method> <!-- setup -->
        <test-method signature="TC_02_Concerts_Pop(java.lang.reflect.Method)[pri:0, instance:com.gigsberg.regression.TC_Concerts_Regression@7c1e2a9e]" started-at="2022-10-17T08:53:02Z" name="TC_02_Concerts_Pop" finished-at="2022-10-17T08:53:06Z" duration-ms="3996" status="PASS">
          <params>
            <param index="0">
              <value>
                <![CDATA[public void com.gigsberg.regression.TC_Concerts_Regression.TC_02_Concerts_Pop(java.lang.reflect.Method)]]>
              </value>
            </param>
          </params>
          <reporter-output>
          </reporter-output>
        </test-method> <!-- TC_02_Concerts_Pop -->
        <test-method is-config="true" signature="afterClass()[pri:0, instance:com.gigsberg.regression.TC_Concerts_Regression@7c1e2a9e]" started-at="2022-10-17T08:53:06Z" name="afterClass" finished-at="2022-10-17T08:53:06Z" duration-ms="87" status="PASS">
          <reporter-output>
          </reporter-output>
        </test-method> <!-- afterClass -->
        <test-method is-config="true" signature="setup(java.lang.String, java.lang.String)[pri:0, instance:com.gigsberg.regression.TC_Concerts_Regression@7c1e2a9e]" started-at="2022-10-17T08:53:06Z" name="setup" finished-at="2022-10-17T08:53:10Z" duration-ms="3549" status="PASS">
          <params>
            <param index="0">
              <value>
                <![CDATA[chrome]]>
              </value>
            </param>
            <param index="1">
              <value>
                <![CDATA[https://gigsberg.com/]]>
              </value>
            </param>
          </params>
          <reporter-output>
          </reporter-output>
        </test-method> <!-- setup -->
        <test-method signature="TC_03_Concerts_R_and_B(java.lang.reflect.Method)[pri:0, instance:com.gigsberg.regression.TC_Concerts_Regression@7c1e2a9e]" started-at="2022-10-17T08:53:10Z" name="TC_03_Concerts_R_and_B" finished-at="2022-10-17T08:53:20Z" duration-ms="10648" status="FAIL">
          <params>
            <param index="0">
              <value>
                <![CDATA[public void com.gigsberg.regression.TC_Concerts_Regression.TC_03_Concerts_R_and_B(java.lang.reflect.Method)]]>
              </value>
            </param>
          </params>
          <exception class="org.openqa.selenium.TimeoutException">
            <message>
              <![CDATA[Expected condition failed: waiting for visibility of element located by By.xpath: //h1[@class='concert_sub_title' and text()='R&B Tickets'] (tried for 5 second(s) with 500 milliseconds interval)]]>
            </message>
            <full-stacktrace>
              <![CDATA[org.openqa.selenium.TimeoutException: Expected condition failed: waiting for visibility of element located by By.xpath: //h1[@class='concert_sub_title' and text()='R&B Tickets'] (tried for 5 second(s) with 500 milliseconds interval)
at org.openqa.selenium.support.ui.WebDriverWait.timeoutException(WebDriverWait.java:113)
at org.openqa.selenium.support.ui.FluentWait.until(FluentWait.java:283)
at commons.BasePage.waitForElementVisible(BasePage.java:403)
at pageObjects.HomePageObject.getConcertSubTitle(HomePageObject.java:27)
at com.gigsberg.regression.TC_Concerts_Regression.TC_03_Concerts_R_and_B(TC_Concerts_Regression.java:71)
at java.base/jdk.internal.reflect.NativeMethodAccessorImpl.invoke0(Native Method)
at java.base/jdk.internal.reflect.NativeMethodAccessorImpl.invoke(NativeMethodAccessorImpl.java:77)
at java.base/jdk.internal.reflect.DelegatingMethodAccessorImpl.invoke(DelegatingMethodAccessorImpl.java:43)
at java.base/java.lang.reflect.Method.invoke(Method.java:568)
at org.testng.internal.MethodInvocationHelper.invokeMethod(MethodInvocationHelper.java:124)
at org.testng.internal.Invoker.invokeMethod(Invoker.java:583)
at org.testng.internal.Invoker.invokeTestMethod(Invoker.java:719)
at org.testng.internal.Invoker.invokeTestMethods(Invoker.java:989)
at org.testng.internal.TestMethodWorker.invokeTestMethods(TestMethodWorker.java:125)
at org.testng.internal.TestMethodWorker.run(TestMethodWorker.java:109)
at org.testng.TestRunner.privateRun(TestRunner.java:648)
at org.testng.TestRunner.run(TestRunner.java:505)
at org.testng.SuiteRunner.runTest(SuiteRunner.java:455)
at org.testng.SuiteRunner.runSequentially(SuiteRunner.java:450)
at org.testng.SuiteRunner.privateRun(SuiteRunner.java:415)
at org.testng.SuiteRunner.run(SuiteRunner.java:364)
at org.testng.SuiteRunnerWorker.runSuite(SuiteRunnerWorker.java:52)
at org.testng.SuiteRunnerWorker.run(SuiteRunnerWorker.java:84)
at org.testng.TestNG.runSuitesSequentially(TestNG.java:1208)
at org.testng.TestNG.runSuitesLocally(TestNG.java:1137)
at org.testng.TestNG.runSuites(TestNG.java:1049)
at org.testng.TestNG.run(TestNG.java:1017)
at org.testng.remote.AbstractRemoteTestNG.run(AbstractRemoteTestNG.java:115)
at org.testng.remote.RemoteTestNG.initAndRun(RemoteTestNG.java:251)
at org.testng.remote.RemoteTestNG.main(RemoteTestNG.java:77)
Caused by: org.openqa.selenium.NoSuchElementException: Cannot locate an element using By.xpath: //h1[@class='concert_sub_title' and text()='R&B Tickets']
For documentation on this error, please visit: http://seleniumhq.org/exceptions/no_such_element.html
Build info: version: '3.14.0', revision: 'aacccce0', time: '2018-08-02T20:19:58.91Z'
System info: host: 'DESKTOP-9TSO38K', ip: '192.168.0.10', os.name: 'Windows 10', os.arch: 'amd64', os.version: '10.0', java.version: '17.0.2'
Driver info: driver.version: unknown
at org.openqa.selenium.support.ui.ExpectedConditions.lambda$findElement$0(ExpectedConditions.java:896)
at java.base/java.util.Optional.orElseThrow(Optional.java:403)
at org.openqa.selenium.support.ui.ExpectedConditions.findElement(ExpectedConditions.java:895)
at org.openqa.selenium.support.ui.ExpectedConditions.access$000(ExpectedConditions.java:44)
at org.openqa.selenium.support.ui.ExpectedConditions$7.apply(ExpectedConditions.java:206)
at org.openqa.selenium.support.ui.ExpectedConditions$7.apply(ExpectedConditions.java:202)
at org.openqa.selenium.support.ui.FluentWait.until(FluentWait.java:260)
... 28 more
]]>
            </full-stacktrace>
          </exception> <!-- org.openqa.selenium.TimeoutException -->
          <reporter-output>
          </reporter-output>
        </test-method> <!-- TC_03_Concerts_R_and_B -->
        <test-method is-config="true" signature="afterClass()[pri:0, instance:com.gigsberg.regression.TC_Concerts_Regression@7c1e2a9e]" started-at="2022-10-17T08:53:21Z" name="afterClass" finished-at="2022-10-17T08:53:21Z" duration-ms="100" status="PASS">
          <reporter-output>
          </reporter-output>
        </test-method> <!-- afterClass -->
        <test-method is-config="true" signature="setup(java.lang.String, java.lang.String)[pri:0, instance:com.gigsberg.regression.TC_Concerts_Regression@7c1e2a9e]" started-at="2022-10-17T08:53:21Z" name="setup" finished-at="2022-10-17T08:53:24Z" duration-ms="3360" status="PASS">
          <params>
            <param index="0">
              <value>
                <![CDATA[chrome]]>
              </value>
            </param>
            <param index="1">
              <value>
                <![CDATA[https://gigsberg.com/]]>
              </value>
            </param>
          </params>
          <reporter-output>
          </reporter-output>
        </test-method> <!-- setup -->
        <test-method signature="TC_04_Concerts_HardRockMetal(java.lang.reflect.Method)[pri:0, instance:com.gigsberg.regression.TC_Concerts_Regression@7c1e2a9e]" started-at="2022-10-17T08:53:24Z" name="TC_04_Concerts_HardRockMetal" finished-at="2022-10-17T08:53:27Z" duration-ms="3032" status="PASS">
          <params>
            <param index="0">
              <value>
                <![CDATA[public void com.gigsberg.regression.TC_Concerts_Regression.TC_04_Concerts_HardRockMetal(java.lang.reflect.Method)]]>
              </value>
            </param>
          </params>
          <reporter-output>
          </reporter-output>
        </test-method> <!-- TC_04_Concerts_HardRockMetal -->
        <test-method is-config="true" signature="afterClass()[pri:0, instance:com.gigsberg.regression.TC_Concerts_Regression@7c1e2a9e]" started-at="2022-10-17T08:53:27Z" name="afterClass" finished-at="2022-10-17T08:53:27Z" duration-ms="87" status="PASS">
          <reporter-output>
          </reporter-output>
        </test-method> <!-- afterClass -->
        <test-method is-config="true" signature="setup(java.lang.String, java.lang.String)[pri:0, instance:com.gigsberg.regression.TC_Concerts_Regression@7c1e2a9e]" started-at="2022-10-17T08:53:27Z" name="setup" finished-at="2022-10-17T08:53:31Z" duration-ms="3380" status="PASS">
          <params>
            <param index="0">
              <value>
                <![CDATA[chrome]]>
              </value>
            </param>
            <param index="1">
              <value>
                <![CDATA[https://gigsberg.com/]]>
              </value>
            </param>
          </params>
          <reporter-output>
          </reporter-output>
        </test-method> <!-- setup -->
        <test-method signature="TC_05_Concerts_Rap(java.lang.reflect.Method)[pri:0, instance:com.gigsberg.regression.TC_Concerts_Regression@7c1e2a9e]" started-at="2022-10-17T08:53:31Z" name="TC_05_Concerts_Rap" finished-at="2022-10-17T08:53:34Z" duration-ms="3165" status="PASS">
          <params>
            <param index="0">
              <value>
                <![CDATA[public void com.gigsberg.regression.TC_Concerts_Regression.TC_05_Concerts_Rap(java.lang.reflect.Method)]]>
              </value>
            </param>
          </params>
          <reporter-output>
          </reporter-output>
        </test-method> <!-- TC_05_Concerts_Rap -->
        <test-method is-config="true" signature="afterClass()[pri:0, instance:com.gigsberg.regression.TC_Concerts_Regression@7c1e2a9e]" started-at="2022-10-17T08:53:34Z" name="afterClass" finished-at="2022-10-17T08:53:34Z" duration-ms="96" status="PASS">
          <reporter-output>
          </reporter-output>
        </test-method> <!-- afterClass -->
        <test-method is-config="true" signature="setup(java.lang.String, java.lang.String)[pri:0, instance:com.gigsberg.regression.TC_Concerts_Regression@7c1e2a9e]" started-at="2022-10-17T08:53:34Z" name="setup" finished-at="2022-10-17T08:53:37Z" duration-ms="3357" status="PASS">
          <params>
            <param index="0">
              <value>
                <![CDATA[chrome]]>
              </value>
            </param>
            <param index="1">
              <value>
                <![CDATA[https://gigsberg.com/]]>
              </value>
            </param>
          </params>
          <reporter-output>
          </reporter-output>
        </test-method> <!-- setup -->
        <test-method signature="TC_06_Concerts_HipHopReggae(java.lang.reflect.Method)[pri:0, instance:com.gigsberg.regression.TC_Concerts_Regression@7c1e2a9e]" started-at="2022-10-17T08:53:37Z" name="TC_06_Concerts_HipHopReggae" finished-at="2022-10-17T08:53:40Z" duration-ms="2854" status="PASS">
          <params>
            <param index="0">
              <value>
                <![CDATA[public void com.gigsberg.regression.TC_Concerts_Regression.TC_06_Concerts_HipHopReggae(java.lang.reflect.Method)]]>
              </value>
            </param>
          </params>
          <reporter-output>
          </reporter-output>
        </test-method> <!-- TC_06_Concerts_HipHopReggae -->
        <test-method is-config="true" signature="afterClass()[pri:0, instance:com.gigsberg.regression.TC_Concerts_Regression@7c1e2a9e]" started-at="2022-10-17T08:53:40Z" name="afterClass" finished-at="2022-10-17T08:53:40Z" duration-ms="107" status="PASS">
          <reporter-output>
          </reporter-output>
        </test-method> <!-- afterClass -->
        <test-method is-config="true" signature="setup(java.lang.String, java.lang.String)[pri:0, instance:com.gigsberg.regression.TC_Concerts_Regression@7c1e2a9e]" started-at="2022-10-17T08:53:40Z" name="setup" finished-at="2022-10-17T08:53:44Z" duration-ms="3354" status="PASS">
          <params>
            <param index="0">
              <value>
                <![CDATA[chrome]]>
              </value>
            </param>
            <param index="1">
              <value>
                <![CDATA[https://gigsberg.com/]]>
              </value>
            </param>
          </params>
          <reporter-output>
          </reporter-output>
        </test-method> <!-- setup -->
        <test-method signature="TC_07_Concerts_Alternative_Indie(java.lang.reflect.Method)[pri:0, instance:com.gigsberg.regression.TC_Concerts_Regression@7c1e2a9e]" started-at="2022-10-17T08:53:44Z" name="TC_07_Concerts_Alternative_Indie" finished-at="2022-10-17T08:53:46Z" duration-ms="2717" status="PASS">
          <params>
            <param index="0">
              <value>
                <![CDATA[public void com.gigsberg.regression.TC_Concerts_Regression.TC_07_Concerts_Alternative_Indie(java.lang.reflect.Method)]]>
              </value>
            </param>
          </params>
          <reporter-output>
          </reporter-output>
        </test-method> <!-- TC_07_Concerts_Alternative_Indie -->
        <test-method is-config="true" signature="afterClass()[pri:0, instance:com.gigsberg.regression.TC_Concerts_Regression@7c1e2a9e]" started-at="2022-10-17T08:53:46Z" name="afterClass" finished-at="2022-10-17T08:53:46Z" duration-ms="86" status="PASS">
          <reporter-output>
          </reporter-output>
        </test-method> <!-- afterClass -->
        <test-method is-config="true" signature="setup(java.lang.String, java.lang.String)[pri:0, instance:com.gigsberg.regression.TC_Concerts_Regression@7c1e2a9e]" started-at="2022-10-17T08:53:46Z" name="setup" finished-at="2022-10-17T08:53:50Z" duration-ms="3409" status="PASS">
          <params>
            <param index="0">
              <value>
                <![CDATA[chrome]]>
              </value>
            </param>
            <param index="1">
              <value>
                <![CDATA[https://gigsberg.com/]]>
              </value>
            </param>
          </params>
          <reporter-output>
          </reporter-output>
        </test-method> <!-- setup -->
        <test-method signature="TC_08_Concerts_All_Concerts(java.lang.reflect.Method)[pri:0, instance:com.gigsberg.regression.TC_Concerts_Regression@7c1e2a9e]" started-at="2022-10-17T08:53:50Z" name="TC_08_Concerts_All_Concerts" finished-at="2022-10-17T08:53:55Z" duration-ms="5015" status="FAIL">
          <params>
            <param index="0">
              <value>
                <![CDATA[public void com.gigsberg.regression.TC_Concerts_Regression.TC_08_Concerts_All_Concerts(java.lang.reflect.Method)]]>
              </value>
            </param>
          </params>
          <exception class="org.openqa.selenium.TimeoutException">
            <message>
              <![CDATA[Expected condition failed: waiting for visibility of element located by By.xpath: //a[@class='header_dropdown_menu_item header_category' and text()='All Concerts'] (tried for 5 second(s) with 500 milliseconds interval)]]>
            </message>
            <full-stacktrace>
              <![CDATA[org.openqa.selenium.TimeoutException: Expected condition failed: waiting for visibility of element located by By.xpath: //a[@class='header_dropdown_menu_item header_category' and text()='All Concerts'] (tried for 5 second(s) with 500 milliseconds interval)
at org.openqa.selenium.support.ui.WebDriverWait.timeoutException(WebDriverWait.java:113)
at org.openqa.selenium.support.ui.FluentWait.until(FluentWait.java:283)
at commons.BasePage.waitForElementVisible(BasePage.java:403)
at pageObjects.HomePageObject.hoverToMainCategory(HomePageObject.java:16)
at com.gigsberg.regression.TC_Concerts_Regression.TC_08_Concerts_All_Concerts(TC_Concerts_Regression.java:111)
at java.base/jdk.internal.reflect.NativeMethodAccessorImpl.invoke0(Native Method)
at java.base/jdk.internal.reflect.NativeMethodAccessorImpl.invoke(NativeMethodAccessorImpl.java:77)
at java.base/jdk.internal.reflect.DelegatingMethodAccessorImpl.invoke(DelegatingMethodAccessorImpl.java:43)
at java.base/java.lang.reflect.Method.invoke(Method.java:568)
at org.testng.internal.MethodInvocationHelper.invokeMethod(MethodInvocationHelper.java:124)
at org.testng.internal.Invoker.invokeMethod(Invoker.java:583)
at org.testng.internal.Invoker.invokeTestMethod(Invoker.java:719)
at org.testng.internal.Invoker.invokeTestMethods(Invoker.java:989)
at org.testng.internal.TestMethodWorker.invokeTestMethods(TestMethodWorker.java:125)
at org.testng.internal.TestMethodWorker.run(TestMethodWorker.java:109)
at org.testng.TestRunner.privateRun(TestRunner.java:648)
at org.testng.TestRunner.run(TestRunner.java:505)
at org.testng.SuiteRunner.runTest(SuiteRunner.java:455)
at org.testng.SuiteRunner.runSequentially(SuiteRunner.java:450)
at org.testng.SuiteRunner.privateRun(SuiteRunner.java:415)
at org.testng.SuiteRunner.run(SuiteRunner.java:364)
at org.testng.SuiteRunnerWorker.runSuite(SuiteRunnerWorker.java:52)
at org.testng.SuiteRunnerWorker.run(SuiteRunnerWorker.java:84)
at org.testng.TestNG.runSuitesSequentially(TestNG.java:1208)
at org.testng.TestNG.runSuitesLocally(TestNG.java:1137)
at org.testng.TestNG.runSuites(TestNG.java:1049)
at org.testng.TestNG.run(TestNG.java:1017)
at org.testng.remote.AbstractRemoteTestNG.run(AbstractRemoteTestNG.java:115)
at org.testng.remote.RemoteTestNG.initAndRun(RemoteTestNG.java:251)
at org.testng.remote.RemoteTestNG.main(RemoteTestNG.java:77)
Caused by: org.openqa.selenium.NoSuchElementException: Cannot locate an element using By.xpath: //a[@class='header_dropdown_menu_item header_category' and text()='All Concerts']
For documentation on this error, please visit: http://seleniumhq.org/exceptions/no_such_element.html
Build info: version: '3.14.0', revision: 'aacccce0', time: '2018-08-02T20:19:58.91Z'
System info: host: 'DESKTOP-9TSO38K', ip: '192.168.0.10', os.name: 'Windows 10', os.arch: 'amd64', os.version: '10.0', java.version: '17.0.2'
Driver info: driver.version: unknown
at org.openqa.selenium.support.ui.ExpectedConditions.lambda$findElement$0(ExpectedConditions.java:896)
at java.base/java.util.Optional.orElseThrow(Optional.java:403)
at org.openqa.selenium.support.ui.ExpectedConditions.findElement(ExpectedConditions.java:895)
at org.openqa.selenium.support.ui.ExpectedConditions.access$000(ExpectedConditions.java:44)
at org.openqa.selenium.support.ui.ExpectedConditions$7.apply(ExpectedConditions.java:206)
at org.openqa.selenium.support.ui.ExpectedConditions$7.apply(ExpectedConditions.java:202)
at org.openqa.selenium.support.ui.FluentWait.until(FluentWait.java:260)
... 28 more
]]>
            </full-stacktrace>
          </exception> <!-- org.openqa.selenium.TimeoutException -->
          <reporter-output>
          </reporter-output>
        </test-method> <!-- TC_08_Concerts_All_Concerts -->
        <test-method is-config="true" signature="afterClass()[pri:0, instance:com.gigsberg.regression.TC_Concerts_Regression@7c1e2a9e]" started-at="2022-10-17T08:53:55Z" name="afterClass" finished-at="2022-10-17T08:53:55Z" duration-ms="82" status="PASS">
          <reporter-output>
          </reporter-output>
        </test-method> <!-- afterClass -->
      </class> <!-- com.gigsberg.regression.TC_Concerts_Regression -->
    </test> <!-- Run on CHROME -->
  </suite> <!-- Gigsberg -->
</testng-results>
